20182231-21:22:07:138766659 $GNRMC,,V,,,,,,,,,,N*4D
20182231-21:22:07:143782128 $GNVTG,,,,,,,,,N*2E
20182231-21:22:07:148709472 $GNGGA,,,,,,0,00,99.99,,,,,,*56
20182231-21:22:07:242763378 $GNGSA,A,1,,,,,,,,,,,,,99.99,99.99,99.99*2E
20182231-21:22:07:247725618 $GNGSA,A,1,,,,,,,,,,,,,99.99,99.99,99.99*2E
20182231-21:22:07:252400461 $GPGSV,1,1,00*79
20182231-21:22:07:497626347 $GLGSV,1,1,00*65
20182231-21:22:07:502130045 $GNGLL,,,,,,V,N*7A
20182231-21:22:07:506864367 $GNZDA,,,,,00,00*56
20182231-21:22:08:137743846 $GNRMC,,V,,,,,,,,,,N*4D
20182231-21:22:08:142547336 $GNVTG,,,,,,,,,N*2E
20182231-21:22:08:147412440 $GNGGA,,,,,,0,00,99.99,,,,,,*56
20182231-21:22:08:241763221 $GNGSA,A,1,,,,,,,,,,,,,99.99,99.99,99.99*2E
20182231-21:22:08:246819680 $GNGSA,A,1,,,,,,,,,,,,,99.99,99.99,99.99*2E
20182231-21:22:08:251634471 $GPGSV,1,1,00*79
20182231-21:22:08:497663690 $GLGSV,1,1,00*65
20182231-21:22:08:502207388 $GNGLL,,,,,,V,N*7A
20182231-21:22:08:506898950 $GNZDA,,,,,00,00*56
20182231-21:22:09:138025721 $GNRMC,,V,,,,,,,,,,N*4D
20182231-21:22:09:142553742 $GNVTG,,,,,,,,,N*2E
20182231-21:22:09:147227075 $GNGGA,,,,,,0,00,99.99,,,,,,*56
20182231-21:22:09:242140877 $GNGSA,A,1,,,,,,,,,,,,,99.99,99.99,99.99*2E
20182231-21:22:09:246877961 $GNGSA,A,1,,,,,,,,,,,,,99.99,99.99,99.99*2E
20182231-21:22:09:251608638 $GPGSV,1,1,00*79
20182231-21:22:09:497762804 $GLGSV,1,1,00*65
20182231-21:22:09:502429731 $GNGLL,,,,,,V,N*7A
20182231-21:22:09:507112440 $GNZDA,,,,,00,00*56
20182231-21:22:10:138758116 $GNRMC,,V,,,,,,,,,,N*4D
20182231-21:22:10:143384731 $GNVTG,,,,,,,,,N*2E
20182231-21:22:10:148020929 $GNGGA,,,,,,0,00,99.99,,,,,,*56
20182231-21:22:10:243106189 $GNGSA,A,1,,,,,,,,,,,,,99.99,99.99,99.99*2E
20182231-21:22:10:248026918 $GNGSA,A,1,,,,,,,,,,,,,99.99,99.99,99.99*2E
20182231-21:22:10:252643012 $GPGSV,1,1,00*79
20182231-21:22:10:497651554 $GLGSV,1,1,00*65
20182231-21:22:10:502202075 $GNGLL,,,,,,V,N*7A
20182231-21:22:10:506806762 $GNZDA,,,,,00,00*56
20182231-21:22:11:138209366 $GNRMC,,V,,,,,,,,,,N*4D
20182231-21:22:11:143041189 $GNVTG,,,,,,,,,N*2E
20182231-21:22:11:148007387 $GNGGA,,,,,,0,00,99.99,,,,,,*56
20182231-21:22:11:242089991 $GNGSA,A,1,,,,,,,,,,,,,99.99,99.99,99.99*2E
20182231-21:22:11:246747283 $GNGSA,A,1,,,,,,,,,,,,,99.99,99.99,99.99*2E
20182231-21:22:11:251325981 $GPGSV,1,1,00*79
20182231-21:22:11:497664731 $GLGSV,1,1,00*65
20182231-21:22:11:502250564 $GNGLL,,,,,,V,N*7A
20182231-21:22:11:506856241 $GNZDA,,,,,00,00*56
20182231-21:22:12:139010147 $GNRMC,,V,,,,,,,,,,N*4D
20182231-21:22:12:143719262 $GNVTG,,,,,,,,,N*2E
20182231-21:22:12:148626814 $GNGGA,,,,,,0,00,99.99,,,,,,*56
20182231-21:22:12:242824939 $GNGSA,A,1,,,,,,,,,,,,,99.99,99.99,99.99*2E
20182231-21:22:12:247590251 $GNGSA,A,1,,,,,,,,,,,,,99.99,99.99,99.99*2E
20182231-21:22:12:252108220 $GPGSV,1,1,00*79
20182231-21:22:12:497578220 $GLGSV,1,1,00*65
20182231-21:22:12:502072386 $GNGLL,,,,,,V,N*7A
20182231-21:22:12:506695616 $GNZDA,,,,,00,00*56
20182231-21:22:13:139220928 $GNRMC,,V,,,,,,,,,,N*4D
20182231-21:22:13:143952022 $GNVTG,,,,,,,,,N*2E
20182231-21:22:13:148596501 $GNGGA,,,,,,0,00,99.99,,,,,,*56
20182231-21:22:13:243202542 $GNGSA,A,1,,,,,,,,,,,,,99.99,99.99,99.99*2E
20182231-21:22:13:247871188 $GNGSA,A,1,,,,,,,,,,,,,99.99,99.99,99.99*2E
20182231-21:22:13:252392594 $GPGSV,1,1,00*79
20182231-21:22:13:497710459 $GLGSV,1,1,00*65
20182231-21:22:13:502328219 $GNGLL,,,,,,V,N*7A
20182231-21:22:13:506907959 $GNZDA,,,,,00,00*56
20182231-21:22:14:138593271 $GNRMC,,V,,,,,,,,,,N*4D
20182231-21:22:14:143375563 $GNVTG,,,,,,,,,N*2E
20182231-21:22:14:148279209 $GNGGA,,,,,,0,00,99.99,,,,,,*56
20182231-21:22:14:242585042 $GNGSA,A,1,,,,,,,,,,,,,99.99,99.99,99.99*2E
20182231-21:22:14:247519782 $GNGSA,A,1,,,,,,,,,,,,,99.99,99.99,99.99*2E
20182231-21:22:14:252202073 $GPGSV,1,1,00*79
20182231-21:22:14:497702021 $GLGSV,1,1,00*65
20182231-21:22:14:502356604 $GNGLL,,,,,,V,N*7A
20182231-21:22:14:507018167 $GNZDA,,,,,00,00*56
20182231-21:22:15:139339260 $GNRMC,,V,,,,,,,,,,N*4D
20182231-21:22:15:144136708 $GNVTG,,,,,,,,,N*2E
20182231-21:22:15:148801969 $GNGGA,,,,,,0,00,99.99,,,,,,*56
20182231-21:22:15:243334677 $GNGSA,A,1,,,,,,,,,,,,,99.99,99.99,99.99*2E
20182231-21:22:15:248229156 $GNGSA,A,1,,,,,,,,,,,,,99.99,99.99,99.99*2E
20182231-21:22:15:252951708 $GPGSV,1,1,00*79
20182231-21:22:15:497595146 $GLGSV,1,1,00*65
20182231-21:22:15:502099625 $GNGLL,,,,,,V,N*7A
20182231-21:22:15:506826187 $GNZDA,,,,,00,00*56
20182231-21:22:16:138367437 $GNRMC,,V,,,,,,,,,,N*4D
20182231-21:22:16:150018218 $GNVTG,,,,,,,,,N*2E
20182231-21:22:16:154961656 $GNGGA,,,,,,0,00,99.99,,,,,,*56
20182231-21:22:16:242363270 $GNGSA,A,1,,,,,,,,,,,,,99.99,99.99,99.99*2E
20182231-21:22:16:247303531 $GNGSA,A,1,,,,,,,,,,,,,99.99,99.99,99.99*2E
20182231-21:22:16:252092958 $GPGSV,1,1,00*79
20182231-21:22:16:497596968 $GLGSV,1,1,00*65
20182231-21:22:16:502111552 $GNGLL,,,,,,V,N*7A
20182231-21:22:16:506987802 $GNZDA,,,,,00,00*56
20182231-21:22:17:138822593 $GNRMC,,V,,,,,,,,,,N*4D
20182231-21:22:17:143619833 $GNVTG,,,,,,,,,N*2E
20182231-21:22:17:148442489 $GNGGA,,,,,,0,00,99.99,,,,,,*56
20182231-21:22:17:242931291 $GNGSA,A,1,,,,,,,,,,,,,99.99,99.99,99.99*2E
20182231-21:22:17:247731499 $GNGSA,A,1,,,,,,,,,,,,,99.99,99.99,99.99*2E
20182231-21:22:17:252497489 $GPGSV,1,1,00*79
20182231-21:22:17:497596082 $GLGSV,1,1,00*65
20182231-21:22:17:502145353 $GNGLL,,,,,,V,N*7A
20182231-21:22:17:506811082 $GNZDA,,,,,00,00*56
20182231-21:22:18:138300561 $GNRMC,,V,,,,,,,,,,N*4D
20182231-21:22:18:143039884 $GNVTG,,,,,,,,,N*2E
20182231-21:22:18:148120509 $GNGGA,,,,,,0,00,99.99,,,,,,*56
20182231-21:22:18:243588634 $GNGSA,A,1,,,,,,,,,,,,,99.99,99.99,99.99*2E
20182231-21:22:18:248620249 $GNGSA,A,1,,,,,,,,,,,,,99.99,99.99,99.99*2E
20182231-21:22:18:253308895 $GPGSV,1,1,00*79
20182231-21:22:18:497601030 $GLGSV,1,1,00*65
20182231-21:22:18:502126394 $GNGLL,,,,,,V,N*7A
20182231-21:22:18:506797749 $GNZDA,,,,,00,00*56
20182231-21:22:19:137595092 $GNRMC,,V,,,,,,,,,,N*4D
20182231-21:22:19:142518321 $GNVTG,,,,,,,,,N*2E
20182231-21:22:19:147730353 $GNGGA,,,,,,0,00,99.99,,,,,,*56
20182231-21:22:19:241612905 $GNGSA,A,1,,,,,,,,,,,,,99.99,99.99,99.99*2E
20182231-21:22:19:246499467 $GNGSA,A,1,,,,,,,,,,,,,99.99,99.99,99.99*2E
20182231-21:22:19:251323530 $GPGSV,1,1,00*79
20182231-21:22:19:497598165 $GLGSV,1,1,00*65
20182231-21:22:19:502796238 $GNGLL,,,,,,V,N*7A
20182231-21:22:19:508162071 $GNZDA,,,,,00,00*56
20182231-21:22:20:138428842 $GNRMC,,V,,,,,,,,,,N*4D
20182231-21:22:20:143356758 $GNVTG,,,,,,,,,N*2E
20182231-21:22:20:148275248 $GNGGA,,,,,,0,00,99.99,,,,,,*56
20182231-21:22:20:243567800 $GNGSA,A,1,,,,,,,,,,,,,99.99,99.99,99.99*2E
20182231-21:22:20:248468842 $GNGSA,A,1,,,,,,,,,,,,,99.99,99.99,99.99*2E
20182231-21:22:20:253166029 $GPGSV,1,1,00*79
20182231-21:22:20:498267071 $GLGSV,1,1,00*65
20182231-21:22:20:503048894 $GNGLL,,,,,,V,N*7A
20182231-21:22:20:508627644 $GNZDA,,,,,00,00*56
20182231-21:22:21:138465039 $GNRMC,,V,,,,,,,,,,N*4D
20182231-21:22:21:143388164 $GNVTG,,,,,,,,,N*2E
20182231-21:22:21:149032748 $GNGGA,,,,,,0,00,99.99,,,,,,*56
20182231-21:22:21:242726237 $GNGSA,A,1,,,,,,,,,,,,,99.99,99.99,99.99*2E
20182231-21:22:21:247585300 $GNGSA,A,1,,,,,,,,,,,,,99.99,99.99,99.99*2E
20182231-21:22:21:252346862 $GPGSV,1,1,00*79
20182231-21:22:21:497809570 $GLGSV,1,1,00*65
20182231-21:22:21:502839414 $GNGLL,,,,,,V,N*7A
20182231-21:22:21:512206498 $GNZDA,,,,,00,00*56
20182231-21:22:22:139064466 $GNRMC,,V,,,,,,,,,,N*4D
20182231-21:22:22:143690768 $GNVTG,,,,,,,,,N*2E
20182231-21:22:22:148564049 $GNGGA,,,,,,0,00,99.99,,,,,,*56
20182231-21:22:22:243084726 $GNGSA,A,1,,,,,,,,,,,,,99.99,99.99,99.99*2E
20182231-21:22:22:247973893 $GNGSA,A,1,,,,,,,,,,,,,99.99,99.99,99.99*2E
20182231-21:22:22:252675351 $GPGSV,1,1,00*79
20182231-21:22:22:498133789 $GLGSV,1,1,00*65
20182231-21:22:22:503549153 $GNGLL,,,,,,V,N*7A
20182231-21:22:22:508461028 $GNZDA,,,,,00,00*56
20182231-21:22:23:139549361 $GNRMC,,V,,,,,,,,,,N*4D
20182231-21:22:23:144342486 $GNVTG,,,,,,,,,N*2E
20182231-21:22:23:149079570 $GNGGA,,,,,,0,00,99.99,,,,,,*56
20182231-21:22:23:243642070 $GNGSA,A,1,,,,,,,,,,,,,99.99,99.99,99.99*2E
20182231-21:22:23:248663580 $GNGSA,A,1,,,,,,,,,,,,,99.99,99.99,99.99*2E
20182231-21:22:23:253378893 $GPGSV,1,1,00*79
20182231-21:22:23:497818111 $GLGSV,1,1,00*65
20182231-21:22:23:503503476 $GNGLL,,,,,,V,N*7A
20182231-21:22:23:508653163 $GNZDA,,,,,00,00*56
20182231-21:22:24:140137747 $GNRMC,,V,,,,,,,,,,N*4D
20182231-21:22:24:144923267 $GNVTG,,,,,,,,,N*2E
20182231-21:22:24:149625247 $GNGGA,,,,,,0,00,99.99,,,,,,*56
20182231-21:22:24:244167121 $GNGSA,A,1,,,,,,,,,,,,,99.99,99.99,99.99*2E
20182231-21:22:24:248957799 $GNGSA,A,1,,,,,,,,,,,,,99.99,99.99,99.99*2E
20182231-21:22:24:253788476 $GPGSV,1,1,00*79
20182231-21:22:24:507700403 $GLGSV,1,1,00*65
20182231-21:22:24:512166809 $GNGLL,,,,,,V,N*7A
20182231-21:22:24:516790715 $GNZDA,,,,,00,00*56
20182231-21:22:25:139065038 $GNRMC,,V,,,,,,,,,,N*4D
20182231-21:22:25:143780507 $GNVTG,,,,,,,,,N*2E
20182231-21:22:25:148811288 $GNGGA,,,,,,0,00,99.99,,,,,,*56
20182231-21:22:25:243140142 $GNGSA,A,1,,,,,,,,,,,,,99.99,99.99,99.99*2E
20182231-21:22:25:247848475 $GNGSA,A,1,,,,,,,,,,,,,99.99,99.99,99.99*2E
20182231-21:22:25:252563215 $GPGSV,1,1,00*79
20182231-21:22:25:498037486 $GLGSV,1,1,00*65
20182231-21:22:25:502984308 $GNGLL,,,,,,V,N*7A
20182231-21:22:25:508025090 $GNZDA,,,,,00,00*56
20182231-21:22:26:139579464 $GNRMC,,V,,,,,,,,,,N*4D
20182231-21:22:26:144344412 $GNVTG,,,,,,,,,N*2E
20182231-21:22:26:149115975 $GNGGA,,,,,,0,00,99.99,,,,,,*56
20182231-21:22:26:243626131 $GNGSA,A,1,,,,,,,,,,,,,99.99,99.99,99.99*2E
20182231-21:22:26:248557173 $GNGSA,A,1,,,,,,,,,,,,,99.99,99.99,99.99*2E
20182231-21:22:26:253353319 $GPGSV,1,1,00*79
20182231-21:22:26:498144569 $GLGSV,1,1,00*65
20182231-21:22:26:502840662 $GNGLL,,,,,,V,N*7A
20182231-21:22:26:507569777 $GNZDA,,,,,00,00*56
20182231-21:22:27:139030558 $GNRMC,,V,,,,,,,,,,N*4D
20182231-21:22:27:143641495 $GNVTG,,,,,,,,,N*2E
20182231-21:22:27:148443579 $GNGGA,,,,,,0,00,99.99,,,,,,*56
20182231-21:22:27:243011704 $GNGSA,A,1,,,,,,,,,,,,,99.99,99.99,99.99*2E
20182231-21:22:27:247742068 $GNGSA,A,1,,,,,,,,,,,,,99.99,99.99,99.99*2E
20182231-21:22:27:252366131 $GPGSV,1,1,00*79
20182231-21:22:27:498259516 $GLGSV,1,1,00*65
20182231-21:22:27:503130714 $GNGLL,,,,,,V,N*7A
20182231-21:22:27:508293422 $GNZDA,,,,,00,00*56
20182231-21:22:28:138245505 $GNRMC,,V,,,,,,,,,,N*4D
20182231-21:22:28:143253630 $GNVTG,,,,,,,,,N*2E
20182231-21:22:28:148245193 $GNGGA,,,,,,0,00,99.99,,,,,,*56
20182231-21:22:28:242229047 $GNGSA,A,1,,,,,,,,,,,,,99.99,99.99,99.99*2E
20182231-21:22:28:246989880 $GNGSA,A,1,,,,,,,,,,,,,99.99,99.99,99.99*2E
20182231-21:22:28:251607276 $GPGSV,1,1,00*79
20182231-21:22:28:497632484 $GLGSV,1,1,00*65
20182231-21:22:28:502262537 $GNGLL,,,,,,V,N*7A
20182231-21:22:28:507171807 $GNZDA,,,,,00,00*56
20182231-21:22:29:138968943 $GNRMC,,V,,,,,,,,,,N*4D
20182231-21:22:29:143589411 $GNVTG,,,,,,,,,N*2E
20182231-21:22:29:148664880 $GNGGA,,,,,,0,00,99.99,,,,,,*56
20182231-21:22:29:243041547 $GNGSA,A,1,,,,,,,,,,,,,99.99,99.99,99.99*2E
20182231-21:22:29:247874359 $GNGSA,A,1,,,,,,,,,,,,,99.99,99.99,99.99*2E
20182231-21:22:29:252446963 $GPGSV,1,1,00*79
20182231-21:22:29:497667692 $GLGSV,1,1,00*65
20182231-21:22:29:502229047 $GNGLL,,,,,,V,N*7A
20182231-21:22:29:507196338 $GNZDA,,,,,00,00*56
20182231-21:22:30:138147640 $GNRMC,,V,,,,,,,,,,N*4D
20182231-21:22:30:143025765 $GNVTG,,,,,,,,,N*2E
20182231-21:22:30:148112119 $GNGGA,,,,,,0,00,99.99,,,,,,*56
20182231-21:22:30:242114828 $GNGSA,A,1,,,,,,,,,,,,,99.99,99.99,99.99*2E
20182231-21:22:30:247119150 $GNGSA,A,1,,,,,,,,,,,,,99.99,99.99,99.99*2E
20182231-21:22:30:252035921 $GPGSV,1,1,00*79
20182231-21:22:30:497902640 $GLGSV,1,1,00*65
20182231-21:22:30:503029255 $GNGLL,,,,,,V,N*7A
20182231-21:22:30:508230296 $GNZDA,,,,,00,00*56
