20182131-21:21:09:099030411 $GNRMC,,V,,,,,,,,,,N*4D
20182131-21:21:09:104267495 $GNVTG,,,,,,,,,N*2E
20182131-21:21:09:109170568 $GNGGA,,,,,,0,00,99.99,,,,,,*56
20182131-21:21:09:204088536 $GNGSA,A,1,,,,,,,,,,,,,99.99,99.99,99.99*2E
20182131-21:21:09:210127391 $GNGSA,A,1,,,,,,,,,,,,,99.99,99.99,99.99*2E
20182131-21:21:09:215512443 $GPGSV,1,1,01,20,,,07*7D
20182131-21:21:09:463788745 $GLGSV,1,1,00*65
20182131-21:21:09:468853536 $GNGLL,,,,,,V,N*7A
20182131-21:21:09:473983588 $GNZDA,,,,,00,00*56
20182131-21:21:10:097677494 $GNRMC,,V,,,,,,,,,,N*4D
20182131-21:21:10:102822911 $GNVTG,,,,,,,,,N*2E
20182131-21:21:10:107601453 $GNGGA,,,,,,0,00,99.99,,,,,,*56
20182131-21:21:10:202624786 $GNGSA,A,1,,,,,,,,,,,,,99.99,99.99,99.99*2E
20182131-21:21:10:208348328 $GNGSA,A,1,,,,,,,,,,,,,99.99,99.99,99.99*2E
20182131-21:21:10:214198432 $GPGSV,1,1,01,20,,,08*72
20182131-21:21:10:463536557 $GLGSV,1,1,00*65
20182131-21:21:10:468868692 $GNGLL,,,,,,V,N*7A
20182131-21:21:10:474828484 $GNZDA,,,,,00,00*56
20182131-21:21:11:097950306 $GNRMC,,V,,,,,,,,,,N*4D
20182131-21:21:11:102931609 $GNVTG,,,,,,,,,N*2E
20182131-21:21:11:107970567 $GNGGA,,,,,,0,00,99.99,,,,,,*56
20182131-21:21:11:202482025 $GNGSA,A,1,,,,,,,,,,,,,99.99,99.99,99.99*2E
20182131-21:21:11:207982911 $GNGSA,A,1,,,,,,,,,,,,,99.99,99.99,99.99*2E
20182131-21:21:11:213328223 $GPGSV,1,1,00*79
20182131-21:21:11:453630463 $GLGSV,1,1,00*65
20182131-21:21:11:458713119 $GNGLL,,,,,,V,N*7A
20182131-21:21:11:463712025 $GNZDA,,,,,00,00*56
20182131-21:21:12:097188014 $GNRMC,,V,,,,,,,,,,N*4D
20182131-21:21:12:102334473 $GNVTG,,,,,,,,,N*2E
20182131-21:21:12:107472858 $GNGGA,,,,,,0,00,99.99,,,,,,*56
20182131-21:21:12:201737598 $GNGSA,A,1,,,,,,,,,,,,,99.99,99.99,99.99*2E
20182131-21:21:12:207595566 $GNGSA,A,1,,,,,,,,,,,,,99.99,99.99,99.99*2E
20182131-21:21:12:212850254 $GPGSV,1,1,00*79
20182131-21:21:12:454927493 $GLGSV,1,1,00*65
20182131-21:21:12:460220462 $GNGLL,,,,,,V,N*7A
20182131-21:21:12:464947233 $GNZDA,,,,,00,00*56
20182131-21:21:13:097848639 $GNRMC,,V,,,,,,,,,,N*4D
20182131-21:21:13:103339941 $GNVTG,,,,,,,,,N*2E
20182131-21:21:13:108397181 $GNGGA,,,,,,0,00,99.99,,,,,,*56
20182131-21:21:13:202478431 $GNGSA,A,1,,,,,,,,,,,,,99.99,99.99,99.99*2E
20182131-21:21:13:207969576 $GNGSA,A,1,,,,,,,,,,,,,99.99,99.99,99.99*2E
20182131-21:21:13:213272649 $GPGSV,1,1,00*79
20182131-21:21:13:453447962 $GLGSV,1,1,00*65
20182131-21:21:13:458406035 $GNGLL,,,,,,V,N*7A
20182131-21:21:13:463542181 $GNZDA,,,,,00,00*56
20182131-21:21:14:096803118 $GNRMC,,V,,,,,,,,,,N*4D
20182131-21:21:14:102084889 $GNVTG,,,,,,,,,N*2E
20182131-21:21:14:107223430 $GNGGA,,,,,,0,00,99.99,,,,,,*56
20182131-21:21:14:201543639 $GNGSA,A,1,,,,,,,,,,,,,99.99,99.99,99.99*2E
20182131-21:21:14:206403691 $GNGSA,A,1,,,,,,,,,,,,,99.99,99.99,99.99*2E
20182131-21:21:14:211098430 $GPGSV,1,1,00*79
20182131-21:21:14:453442857 $GLGSV,1,1,00*65
20182131-21:21:14:458080722 $GNGLL,,,,,,V,N*7A
20182131-21:21:14:462917805 $GNZDA,,,,,00,00*56
20182131-21:21:15:097190565 $GNRMC,,V,,,,,,,,,,N*4D
20182131-21:21:15:102702909 $GNVTG,,,,,,,,,N*2E
20182131-21:21:15:107707076 $GNGGA,,,,,,0,00,99.99,,,,,,*56
20182131-21:21:15:201702649 $GNGSA,A,1,,,,,,,,,,,,,99.99,99.99,99.99*2E
20182131-21:21:15:206592492 $GNGSA,A,1,,,,,,,,,,,,,99.99,99.99,99.99*2E
20182131-21:21:15:211690305 $GPGSV,1,1,00*79
20182131-21:21:15:453496763 $GLGSV,1,1,00*65
20182131-21:21:15:458181399 $GNGLL,,,,,,V,N*7A
20182131-21:21:15:463160357 $GNZDA,,,,,00,00*56
