20184703-15:47:30:277044336 $GNRMC,,V,,,,,,,,,,N*4D
20184703-15:47:30:282168763 $GNVTG,,,,,,,,,N*2E
20184703-15:47:30:287180794 $GNGGA,,,,,,0,00,99.99,,,,,,*56
20184703-15:47:30:380810221 $GNGSA,A,1,,,,,,,,,,,,,99.99,99.99,99.99*2E
20184703-15:47:30:385843242 $GNGSA,A,1,,,,,,,,,,,,,99.99,99.99,99.99*2E
20184703-15:47:30:390629596 $GPGSV,1,1,01,02,,,12*79
20184703-15:47:30:644252825 $GLGSV,1,1,00*65
20184703-15:47:30:649074336 $GNGLL,,,,,,V,N*7A
20184703-15:47:30:653806367 $GNZDA,,,,,00,00*56
20184703-15:47:31:276795898 $GNRMC,,V,,,,,,,,,,N*4D
20184703-15:47:31:281895533 $GNVTG,,,,,,,,,N*2E
20184703-15:47:31:287069440 $GNGGA,,,,,,0,00,99.99,,,,,,*56
20184703-15:47:31:380974700 $GNGSA,A,1,,,,,,,,,,,,,99.99,99.99,99.99*2E
20184703-15:47:31:385791940 $GNGSA,A,1,,,,,,,,,,,,,99.99,99.99,99.99*2E
20184703-15:47:31:390720377 $GPGSV,1,1,01,02,,,07*7D
20184703-15:47:31:644368658 $GLGSV,1,1,00*65
20184703-15:47:31:649091471 $GNGLL,,,,,,V,N*7A
20184703-15:47:31:654005065 $GNZDA,,,,,00,00*56
20184703-15:47:32:277154908 $GNRMC,,V,,,,,,,,,,N*4D
20184703-15:47:32:282220846 $GNVTG,,,,,,,,,N*2E
20184703-15:47:32:287264179 $GNGGA,,,,,,0,00,99.99,,,,,,*56
20184703-15:47:32:381162877 $GNGSA,A,1,,,,,,,,,,,,,99.99,99.99,99.99*2E
20184703-15:47:32:385949127 $GNGSA,A,1,,,,,,,,,,,,,99.99,99.99,99.99*2E
20184703-15:47:32:390984179 $GPGSV,1,1,01,02,,,07*7D
20184703-15:47:32:644410064 $GLGSV,1,1,00*65
20184703-15:47:32:649228918 $GNGLL,,,,,,V,N*7A
20184703-15:47:32:654082356 $GNZDA,,,,,00,00*56
20184703-15:47:33:276827668 $GNRMC,,V,,,,,,,,,,N*4D
20184703-15:47:33:282121731 $GNVTG,,,,,,,,,N*2E
20184703-15:47:33:287188033 $GNGGA,,,,,,0,00,99.99,,,,,,*56
20184703-15:47:33:381269856 $GNGSA,A,1,,,,,,,,,,,,,99.99,99.99,99.99*2E
20184703-15:47:33:386167408 $GNGSA,A,1,,,,,,,,,,,,,99.99,99.99,99.99*2E
20184703-15:47:33:391267668 $GPGSV,1,1,01,02,,,08*72
20184703-15:47:33:644415272 $GLGSV,1,1,00*65
20184703-15:47:33:649148553 $GNGLL,,,,,,V,N*7A
20184703-15:47:33:654028345 $GNZDA,,,,,00,00*56
20184703-15:47:34:278451834 $GNRMC,,V,,,,,,,,,,N*4D
20184703-15:47:34:283505741 $GNVTG,,,,,,,,,N*2E
20184703-15:47:34:288322616 $GNGGA,,,,,,0,00,99.99,,,,,,*56
20184703-15:47:34:382628970 $GNGSA,A,1,,,,,,,,,,,,,99.99,99.99,99.99*2E
20184703-15:47:34:387555584 $GNGSA,A,1,,,,,,,,,,,,,99.99,99.99,99.99*2E
20184703-15:47:34:392503241 $GPGSV,1,1,01,02,,,12*79
20184703-15:47:34:644357824 $GLGSV,1,1,00*65
20184703-15:47:34:649024803 $GNGLL,,,,,,V,N*7A
20184703-15:47:34:653921470 $GNZDA,,,,,00,00*56
20184703-15:47:35:277580324 $GNRMC,,V,,,,,,,,,,N*4D
20184703-15:47:35:282637146 $GNVTG,,,,,,,,,N*2E
20184703-15:47:35:287596365 $GNGGA,,,,,,0,00,99.99,,,,,,*56
20184703-15:47:35:381466730 $GNGSA,A,1,,,,,,,,,,,,,99.99,99.99,99.99*2E
20184703-15:47:35:386440844 $GNGSA,A,1,,,,,,,,,,,,,99.99,99.99,99.99*2E
20184703-15:47:35:391316938 $GPGSV,1,1,01,02,,,13*78
20184703-15:47:35:644348761 $GLGSV,1,1,00*65
20184703-15:47:35:648856469 $GNGLL,,,,,,V,N*7A
20184703-15:47:35:653816625 $GNZDA,,,,,00,00*56
20184703-15:47:36:277779906 $GNRMC,,V,,,,,,,,,,N*4D
20184703-15:47:36:282919229 $GNVTG,,,,,,,,,N*2E
20184703-15:47:36:287841365 $GNGGA,,,,,,0,00,99.99,,,,,,*56
20184703-15:47:36:381730011 $GNGSA,A,1,,,,,,,,,,,,,99.99,99.99,99.99*2E
20184703-15:47:36:386587979 $GNGSA,A,1,,,,,,,,,,,,,99.99,99.99,99.99*2E
20184703-15:47:36:391662406 $GPGSV,1,1,01,02,,,10*7B
20184703-15:47:36:644529177 $GLGSV,1,1,00*65
20184703-15:47:36:649222094 $GNGLL,,,,,,V,N*7A
20184703-15:47:36:654030219 $GNZDA,,,,,00,00*56
20184703-15:47:37:277886625 $GNRMC,,V,,,,,,,,,,N*4D
20184703-15:47:37:283691885 $GNVTG,,,,,,,,,N*2E
20184703-15:47:37:289074385 $GNGGA,,,,,,0,00,99.99,,,,,,*56
20184703-15:47:37:382008083 $GNGSA,A,1,,,,,,,,,,,,,99.99,99.99,99.99*2E
20184703-15:47:37:386876312 $GNGSA,A,1,,,,,,,,,,,,,99.99,99.99,99.99*2E
20184703-15:47:37:391707666 $GPGSV,1,1,01,02,,,08*72
20184703-15:47:37:644362093 $GLGSV,1,1,00*65
20184703-15:47:37:649307510 $GNGLL,,,,,,V,N*7A
20184703-15:47:37:653972146 $GNZDA,,,,,00,00*56
20184703-15:47:38:278061416 $GNRMC,,V,,,,,,,,,,N*4D
20184703-15:47:38:283174177 $GNVTG,,,,,,,,,N*2E
20184703-15:47:38:288119854 $GNGGA,,,,,,0,00,99.99,,,,,,*56
20184703-15:47:38:382011624 $GNGSA,A,1,,,,,,,,,,,,,99.99,99.99,99.99*2E
20184703-15:47:38:387076364 $GNGSA,A,1,,,,,,,,,,,,,99.99,99.99,99.99*2E
20184703-15:47:38:392185895 $GPGSV,1,1,01,02,,,08*72
20184703-15:47:38:644464749 $GLGSV,1,1,00*65
20184703-15:47:38:649277354 $GNGLL,,,,,,V,N*7A
20184703-15:47:38:654228499 $GNZDA,,,,,00,00*56
