20181330-20:13:17:432067034 0*65
20181330-20:13:17:436751201 $GNGLL,,,,,,V,N*7A
20181330-20:13:17:441731409 $GNZDA,,,,,00,00*56
20181330-20:13:18:071166722 $GNRMC,,V,,,,,,,,,,N*4D
20181330-20:13:18:075832399 $GNVTG,,,,,,,,,N*2E
20181330-20:13:18:080597190 $GNGGA,,,,,,0,00,99.99,,,,,,*56
20181330-20:13:18:177023545 $GNGSA,A,1,,,,,,,,,,,,,99.99,99.99,99.99*2E
20181330-20:13:18:182578128 $GNGSA,A,1,,,,,,,,,,,,,99.99,99.99,99.99*2E
20181330-20:13:18:187391045 $GPGSV,1,1,00*79
20181330-20:13:18:432039847 $GLGSV,1,1,00*65
20181330-20:13:18:436622503 $GNGLL,,,,,,V,N*7A
20181330-20:13:18:441321253 $GNZDA,,,,,00,00*56
20181330-20:13:19:071843023 $GNRMC,,V,,,,,,,,,,N*4D
20181330-20:13:19:076475419 $GNVTG,,,,,,,,,N*2E
20181330-20:13:19:081870107 $GNGGA,,,,,,0,00,99.99,,,,,,*56
20181330-20:13:19:176375992 $GNGSA,A,1,,,,,,,,,,,,,99.99,99.99,99.99*2E
20181330-20:13:19:181784794 $GNGSA,A,1,,,,,,,,,,,,,99.99,99.99,99.99*2E
20181330-20:13:19:186943857 $GPGSV,1,1,00*79
20181330-20:13:19:432260211 $GLGSV,1,1,00*65
20181330-20:13:19:437003805 $GNGLL,,,,,,V,N*7A
20181330-20:13:19:442040263 $GNZDA,,,,,00,00*56
20181330-20:13:20:072362346 $GNRMC,,V,,,,,,,,,,N*4D
20181330-20:13:20:077130106 $GNVTG,,,,,,,,,N*2E
20181330-20:13:20:081917919 $GNGGA,,,,,,0,00,99.99,,,,,,*56
20181330-20:13:20:176351877 $GNGSA,A,1,,,,,,,,,,,,,99.99,99.99,99.99*2E
20181330-20:13:20:181200002 $GNGSA,A,1,,,,,,,,,,,,,99.99,99.99,99.99*2E
20181330-20:13:20:185873492 $GPGSV,1,1,00*79
20181330-20:13:20:432109585 $GLGSV,1,1,00*65
20181330-20:13:20:436687033 $GNGLL,,,,,,V,N*7A
20181330-20:13:20:441347606 $GNZDA,,,,,00,00*56
20181330-20:13:21:071584481 $GNRMC,,V,,,,,,,,,,N*4D
20181330-20:13:21:076223804 $GNVTG,,,,,,,,,N*2E
20181330-20:13:21:081565158 $GNGGA,,,,,,0,00,99.99,,,,,,*56
20181330-20:13:21:175682814 $GNGSA,A,1,,,,,,,,,,,,,99.99,99.99,99.99*2E
20181330-20:13:21:180579116 $GNGSA,A,1,,,,,,,,,,,,,99.99,99.99,99.99*2E
20181330-20:13:21:185355210 $GPGSV,1,1,00*79
20181330-20:13:21:432066981 $GLGSV,1,1,00*65
20181330-20:13:21:436709012 $GNGLL,,,,,,V,N*7A
20181330-20:13:21:441478648 $GNZDA,,,,,00,00*56
20181330-20:13:22:070888751 $GNRMC,,V,,,,,,,,,,N*4D
20181330-20:13:22:075708595 $GNVTG,,,,,,,,,N*2E
20181330-20:13:22:080495262 $GNGGA,,,,,,0,00,99.99,,,,,,*56
20181330-20:13:22:174830470 $GNGSA,A,1,,,,,,,,,,,,,99.99,99.99,99.99*2E
20181330-20:13:22:179673543 $GNGSA,A,1,,,,,,,,,,,,,99.99,99.99,99.99*2E
20181330-20:13:22:185006616 $GPGSV,1,1,00*79
20181330-20:13:22:432144741 $GLGSV,1,1,00*65
20181330-20:13:22:436939845 $GNGLL,,,,,,V,N*7A
20181330-20:13:22:441733022 $GNZDA,,,,,00,00*56
20181330-20:13:23:070449428 $GNRMC,,V,,,,,,,,,,N*4D
20181330-20:13:23:075214584 $GNVTG,,,,,,,,,N*2E
20181330-20:13:23:080386616 $GNGGA,,,,,,0,00,99.99,,,,,,*56
20181330-20:13:23:175648178 $GNGSA,A,1,,,,,,,,,,,,,99.99,99.99,99.99*2E
20181330-20:13:23:180736668 $GNGSA,A,1,,,,,,,,,,,,,99.99,99.99,99.99*2E
20181330-20:13:23:185803334 $GPGSV,1,1,00*79
20181330-20:13:23:432006824 $GLGSV,1,1,00*65
20181330-20:13:23:436635261 $GNGLL,,,,,,V,N*7A
20181330-20:13:23:441430886 $GNZDA,,,,,00,00*56
20181330-20:13:24:070737553 $GNRMC,,V,,,,,,,,,,N*4D
20181330-20:13:24:075672501 $GNVTG,,,,,,,,,N*2E
20181330-20:13:24:080879063 $GNGGA,,,,,,0,00,99.99,,,,,,*56
20181330-20:13:24:174653959 $GNGSA,A,1,,,,,,,,,,,,,99.99,99.99,99.99*2E
20181330-20:13:24:179600626 $GNGSA,A,1,,,,,,,,,,,,,99.99,99.99,99.99*2E
20181330-20:13:24:184499324 $GPGSV,1,1,00*79
20181330-20:13:24:432175157 $GLGSV,1,1,00*65
20181330-20:13:24:443806563 $GNGLL,,,,,,V,N*7A
20181330-20:13:24:448740938 $GNZDA,,,,,00,00*56
20181330-20:13:25:071644792 $GNRMC,,V,,,,,,,,,,N*4D
20181330-20:13:25:076928698 $GNVTG,,,,,,,,,N*2E
20181330-20:13:25:082270521 $GNGGA,,,,,,0,00,99.99,,,,,,*56
20181330-20:13:25:175580000 $GNGSA,A,1,,,,,,,,,,,,,99.99,99.99,99.99*2E
20181330-20:13:25:180634219 $GNGSA,A,1,,,,,,,,,,,,,99.99,99.99,99.99*2E
20181330-20:13:25:185362136 $GPGSV,1,1,00*79
20181330-20:13:25:432193594 $GLGSV,1,1,00*65
20181330-20:13:25:436809219 $GNGLL,,,,,,V,N*7A
20181330-20:13:25:441470261 $GNZDA,,,,,00,00*56
20181330-20:13:26:071999687 $GNRMC,,V,,,,,,,,,,N*4D
20181330-20:13:26:076841823 $GNVTG,,,,,,,,,N*2E
20181330-20:13:26:081667552 $GNGGA,,,,,,0,00,99.99,,,,,,*56
20181330-20:13:26:175607656 $GNGSA,A,1,,,,,,,,,,,,,99.99,99.99,99.99*2E
20181330-20:13:26:180915573 $GNGSA,A,1,,,,,,,,,,,,,99.99,99.99,99.99*2E
20181330-20:13:26:185971510 $GPGSV,1,1,00*79
20181330-20:13:26:432121354 $GLGSV,1,1,00*65
20181330-20:13:26:437169479 $GNGLL,,,,,,V,N*7A
20181330-20:13:26:442334219 $GNZDA,,,,,00,00*56
20181330-20:13:27:068949427 $GNRMC,,V,,,,,,,,,,N*4D
20181330-20:13:27:071659166 $GNVTG,,,,,,,,,N*2E
20181330-20:13:27:074345208 $GNGGA,,,,,,0,00,99.99,,,,,,*56
20181330-20:13:27:172973906 $GNGSA,A,1,,,,,,,,,,,,,99.99,99.99,99.99*2E
20181330-20:13:27:175714739 $GNGSA,A,1,,,,,,,,,,,,,99.99,99.99,99.99*2E
20181330-20:13:27:178392447 $GPGSV,1,1,00*79
20181330-20:13:27:432333645 $GLGSV,1,1,00*65
20181330-20:13:27:437129479 $GNGLL,,,,,,V,N*7A
20181330-20:13:27:441936510 $GNZDA,,,,,00,00*56
20181330-20:13:28:071358541 $GNRMC,,V,,,,,,,,,,N*4D
20181330-20:13:28:076189114 $GNVTG,,,,,,,,,N*2E
20181330-20:13:28:081140207 $GNGGA,,,,,,0,00,99.99,,,,,,*56
20181330-20:13:28:175215728 $GNGSA,A,1,,,,,,,,,,,,,99.99,99.99,99.99*2E
20181330-20:13:28:180067864 $GNGSA,A,1,,,,,,,,,,,,,99.99,99.99,99.99*2E
20181330-20:13:28:185161770 $GPGSV,1,1,00*79
20181330-20:13:28:432092239 $GLGSV,1,1,00*65
20181330-20:13:28:436941666 $GNGLL,,,,,,V,N*7A
20181330-20:13:28:441858332 $GNZDA,,,,,00,00*56
20181330-20:13:29:071798645 $GNRMC,,V,,,,,,,,,,N*4D
20181330-20:13:29:076511457 $GNVTG,,,,,,,,,N*2E
20181330-20:13:29:081297655 $GNGGA,,,,,,0,00,99.99,,,,,,*56
20181330-20:13:29:175698957 $GNGSA,A,1,,,,,,,,,,,,,99.99,99.99,99.99*2E
20181330-20:13:29:180686874 $GNGSA,A,1,,,,,,,,,,,,,99.99,99.99,99.99*2E
20181330-20:13:29:185352603 $GPGSV,1,1,00*79
20181330-20:13:29:432048280 $GLGSV,1,1,00*65
20181330-20:13:29:436997499 $GNGLL,,,,,,V,N*7A
20181330-20:13:29:442271301 $GNZDA,,,,,00,00*56
20181330-20:13:30:070835675 $GNRMC,,V,,,,,,,,,,N*4D
20181330-20:13:30:075651248 $GNVTG,,,,,,,,,N*2E
20181330-20:13:30:080514217 $GNGGA,,,,,,0,00,99.99,,,,,,*56
20181330-20:13:30:174810259 $GNGSA,A,1,,,,,,,,,,,,,99.99,99.99,99.99*2E
20181330-20:13:30:179607342 $GNGSA,A,1,,,,,,,,,,,,,99.99,99.99,99.99*2E
20181330-20:13:30:184352759 $GPGSV,1,1,00*79
20181330-20:13:30:432231925 $GLGSV,1,1,00*65
20181330-20:13:30:437058019 $GNGLL,,,,,,V,N*7A
20181330-20:13:30:441934425 $GNZDA,,,,,00,00*56
20181330-20:13:31:071190623 $GNRMC,,V,,,,,,,,,,N*4D
20181330-20:13:31:075982915 $GNVTG,,,,,,,,,N*2E
20181330-20:13:31:080975831 $GNGGA,,,,,,0,00,99.99,,,,,,*56
20181330-20:13:31:175197810 $GNGSA,A,1,,,,,,,,,,,,,99.99,99.99,99.99*2E
20181330-20:13:31:180092915 $GNGSA,A,1,,,,,,,,,,,,,99.99,99.99,99.99*2E
20181330-20:13:31:185136925 $GPGSV,1,1,00*79
20181330-20:13:31:432232758 $GLGSV,1,1,00*65
20181330-20:13:31:436899946 $GNGLL,,,,,,V,N*7A
20181330-20:13:31:441677394 $GNZDA,,,,,00,00*56
20181330-20:13:32:071978123 $GNRMC,,V,,,,,,,,,,N*4D
20181330-20:13:32:076863539 $GNVTG,,,,,,,,,N*2E
20181330-20:13:32:082065102 $GNGGA,,,,,,0,00,99.99,,,,,,*56
20181330-20:13:32:175746768 $GNGSA,A,1,,,,,,,,,,,,,99.99,99.99,99.99*2E
20181330-20:13:32:181158956 $GNGSA,A,1,,,,,,,,,,,,,99.99,99.99,99.99*2E
20181330-20:13:32:185992758 $GPGSV,1,1,00*79
20181330-20:13:32:432258695 $GLGSV,1,1,00*65
20181330-20:13:32:437396716 $GNGLL,,,,,,V,N*7A
20181330-20:13:32:442247862 $GNZDA,,,,,00,00*56
20181330-20:13:33:070844112 $GNRMC,,V,,,,,,,,,,N*4D
20181330-20:13:33:075895622 $GNVTG,,,,,,,,,N*2E
20181330-20:13:33:080907706 $GNGGA,,,,,,0,00,99.99,,,,,,*56
20181330-20:13:33:176213851 $GNGSA,A,1,,,,,,,,,,,,,99.99,99.99,99.99*2E
20181330-20:13:33:181118122 $GNGSA,A,1,,,,,,,,,,,,,99.99,99.99,99.99*2E
20181330-20:13:33:185867133 $GPGSV,1,1,00*79
20181330-20:13:33:432175362 $GLGSV,1,1,00*65
20181330-20:13:33:436895518 $GNGLL,,,,,,V,N*7A
20181330-20:13:33:441789580 $GNZDA,,,,,00,00*56
20181330-20:13:34:071503851 $GNRMC,,V,,,,,,,,,,N*4D
20181330-20:13:34:076415882 $GNVTG,,,,,,,,,N*2E
20181330-20:13:34:081415778 $GNGGA,,,,,,0,00,99.99,,,,,,*56
20181330-20:13:34:175521403 $GNGSA,A,1,,,,,,,,,,,,,99.99,99.99,99.99*2E
20181330-20:13:34:180686820 $GNGSA,A,1,,,,,,,,,,,,,99.99,99.99,99.99*2E
20181330-20:13:34:185433955 $GPGSV,1,1,00*79
20181330-20:13:34:432331924 $GLGSV,1,1,00*65
20181330-20:13:34:442847236 $GNGLL,,,,,,V,N*7A
20181330-20:13:34:447568434 $GNZDA,,,,,00,00*56
20181330-20:13:35:072373434 $GNRMC,,V,,,,,,,,,,N*4D
20181330-20:13:35:077576299 $GNVTG,,,,,,,,,N*2E
20181330-20:13:35:082825361 $GNGGA,,,,,,0,00,99.99,,,,,,*56
20181330-20:13:35:176226090 $GNGSA,A,1,,,,,,,,,,,,,99.99,99.99,99.99*2E
20181330-20:13:35:181269319 $GNGSA,A,1,,,,,,,,,,,,,99.99,99.99,99.99*2E
20181330-20:13:35:186258486 $GPGSV,1,1,00*79
20181330-20:13:35:432184111 $GLGSV,1,1,00*65
20181330-20:13:35:436806403 $GNGLL,,,,,,V,N*7A
20181330-20:13:35:441604059 $GNZDA,,,,,00,00*56
20181330-20:13:36:071584944 $GNRMC,,V,,,,,,,,,,N*4D
20181330-20:13:36:076362184 $GNVTG,,,,,,,,,N*2E
20181330-20:13:36:081156611 $GNGGA,,,,,,0,00,99.99,,,,,,*56
20181330-20:13:36:175384423 $GNGSA,A,1,,,,,,,,,,,,,99.99,99.99,99.99*2E
20181330-20:13:36:180278121 $GNGSA,A,1,,,,,,,,,,,,,99.99,99.99,99.99*2E
20181330-20:13:36:185049788 $GPGSV,1,1,00*79
20181330-20:13:36:432206871 $GLGSV,1,1,00*65
20181330-20:13:36:436899840 $GNGLL,,,,,,V,N*7A
20181330-20:13:36:441676454 $GNZDA,,,,,00,00*56
20181330-20:13:37:070859162 $GNRMC,,V,,,,,,,,,,N*4D
20181330-20:13:37:075701610 $GNVTG,,,,,,,,,N*2E
20181330-20:13:37:080641819 $GNGGA,,,,,,0,00,99.99,,,,,,*56
20181330-20:13:37:174983537 $GNGSA,A,1,,,,,,,,,,,,,99.99,99.99,99.99*2E
20181330-20:13:37:179998433 $GNGSA,A,1,,,,,,,,,,,,,99.99,99.99,99.99*2E
20181330-20:13:37:184766037 $GPGSV,1,1,00*79
20181330-20:13:37:432206871 $GLGSV,1,1,00*65
20181330-20:13:37:436955204 $GNGLL,,,,,,V,N*7A
20181330-20:13:37:441930673 $GNZDA,,,,,00,00*56
20181330-20:13:38:073026506 $GNRMC,,V,,,,,,,,,,N*4D
20181330-20:13:38:083841870 $GNVTG,,,,,,,,,N*2E
20181330-20:13:38:089412704 $GNGGA,,,,,,0,00,99.99,,,,,,*56
20181330-20:13:38:175807391 $GNGSA,A,1,,,,,,,,,,,,,99.99,99.99,99.99*2E
20181330-20:13:38:181295516 $GNGSA,A,1,,,,,,,,,,,,,99.99,99.99,99.99*2E
20181330-20:13:38:186659422 $GPGSV,1,1,00*79
20181330-20:13:38:430448381 $GLGSV,1,1,00*65
20181330-20:13:38:433077235 $GNGLL,,,,,,V,N*7A
20181330-20:13:38:435788329 $GNZDA,,,,,00,00*56
