20181330-20:13:14:333184536 $AAMWD,0.0,T,0.0,M,0.0,N,0.0,M*44
20181330-20:13:14:337927921 
20181330-20:13:16:324490472 $AAMTW,22.4,C*17
20181330-20:13:16:329210316 
20181330-20:13:16:333884795 $AAXDR,C,22.4,C,ENV_SEA_T*0A
20181330-20:13:16:338638441 
20181330-20:13:16:343291618 $AAMDA,,I,,B,,C,22.4,C,,,,C,,T,,M,,N,,M*00
20181330-20:13:16:347832868 
20181330-20:13:16:822485628 $AAMTW,22.4,C*17
20181330-20:13:16:827116670 
20181330-20:13:16:831841253 $AAXDR,C,22.4,C,ENV_SEA_T*0A
20181330-20:13:16:836377556 
20181330-20:13:16:841172712 $AAMDA,,I,,B,,C,22.4,C,,,,C,,T,,M,,N,,M*00
20181330-20:13:16:845747191 
20181330-20:13:17:320246982 $AAMTW,22.4,C*17
20181330-20:13:17:324853493 
20181330-20:13:17:329610107 $AAXDR,C,22.4,C,ENV_SEA_T*0A
20181330-20:13:17:334411357 
20181330-20:13:17:339162034 $AAMDA,,I,,B,,C,22.4,C,,,,C,,T,,M,,N,,M*00
20181330-20:13:17:343782712 
20181330-20:13:17:818095941 $AAMTW,22.4,C*17
20181330-20:13:17:823051097 
20181330-20:13:17:827662086 $AAXDR,C,22.4,C,ENV_SEA_T*0A
20181330-20:13:17:832542711 
20181330-20:13:17:837528597 $AAMDA,,I,,B,,C,22.4,C,,,,C,,T,,M,,N,,M*00
20181330-20:13:17:842309430 
20181330-20:13:18:315162295 $AAMTW,22.4,C*17
20181330-20:13:18:320209899 
20181330-20:13:18:325070680 $AAXDR,C,22.4,C,ENV_SEA_T*0A
20181330-20:13:18:330084065 
20181330-20:13:18:335066982 $AAMDA,,I,,B,,C,22.4,C,,,,C,,T,,M,,N,,M*00
20181330-20:13:18:339774899 
20181330-20:13:18:812541096 $AAMTW,22.4,C*17
20181330-20:13:18:817188961 
20181330-20:13:18:822073128 $AAXDR,C,22.4,C,ENV_SEA_T*0A
20181330-20:13:18:826673857 
20181330-20:13:18:831442919 $AAMDA,,I,,B,,C,22.4,C,,,,C,,T,,M,,N,,M*00
20181330-20:13:18:835953440 
20181330-20:13:19:310429586 $AAMTW,22.4,C*17
20181330-20:13:19:315088909 
20181330-20:13:19:320270680 $AAXDR,C,22.4,C,ENV_SEA_T*0A
20181330-20:13:19:325122659 
20181330-20:13:19:329902659 $AAMDA,,I,,B,,C,22.4,C,,,,C,,T,,M,,N,,M*00
20181330-20:13:19:341551305 
20181330-20:13:19:808505054 $AAMTW,22.4,C*17
20181330-20:13:19:813275419 
20181330-20:13:19:817908596 $AAXDR,C,22.4,C,ENV_SEA_T*0A
20181330-20:13:19:822629950 
20181330-20:13:19:827380836 $AAMDA,,I,,B,,C,22.4,C,,,,C,,T,,M,,N,,M*00
20181330-20:13:19:832205679 
20181330-20:13:20:306189169 $AAMTW,22.4,C*17
20181330-20:13:20:310953856 
20181330-20:13:20:315670263 $AAXDR,C,22.4,C,ENV_SEA_T*0A
20181330-20:13:20:320432085 
20181330-20:13:20:325158388 $AAMDA,,I,,B,,C,22.4,C,,,,C,,T,,M,,N,,M*00
20181330-20:13:20:329852867 
20181330-20:13:20:804146408 $AAMTW,22.4,C*17
20181330-20:13:20:808980783 
20181330-20:13:20:813663075 $AAXDR,C,22.4,C,ENV_SEA_T*0A
20181330-20:13:20:818179325 
20181330-20:13:20:823114169 $AAMDA,,I,,B,,C,22.4,C,,,,C,,T,,M,,N,,M*00
20181330-20:13:20:828034585 
20181330-20:13:21:302174012 $AAMTW,22.4,C*17
20181330-20:13:21:306797398 
20181330-20:13:21:311607502 $AAXDR,C,22.4,C,ENV_SEA_T*0A
20181330-20:13:21:316235210 
20181330-20:13:21:321228960 $AAMDA,,I,,B,,C,22.4,C,,,,C,,T,,M,,N,,M*00
20181330-20:13:21:325873335 
20181330-20:13:21:798965731 $AAMTW,22.4,C*17
20181330-20:13:21:803785158 
20181330-20:13:21:809095366 $AAXDR,C,22.4,C,ENV_SEA_T*0A
20181330-20:13:21:813910783 
20181330-20:13:21:818835106 $AAMDA,,I,,B,,C,22.4,C,,,,C,,T,,M,,N,,M*00
20181330-20:13:21:823473543 
20181330-20:13:22:296795158 $AAMTW,22.4,C*17
20181330-20:13:22:302107553 
20181330-20:13:22:307292085 $AAXDR,C,22.4,C,ENV_SEA_T*0A
20181330-20:13:22:312170314 
20181330-20:13:22:316806251 $AAMDA,,I,,B,,C,22.4,C,,,,C,,T,,M,,N,,M*00
20181330-20:13:22:321509481 
20181330-20:13:22:794550782 $AAMTW,22.4,C*17
20181330-20:13:22:799360001 
20181330-20:13:22:804055001 $AAXDR,C,22.4,C,ENV_SEA_T*0A
20181330-20:13:22:808659012 
20181330-20:13:22:813326772 $AAMDA,,I,,B,,C,22.4,C,,,,C,,T,,M,,N,,M*00
20181330-20:13:22:817895314 
20181330-20:13:23:292203907 $AAMTW,22.4,C*17
20181330-20:13:23:296809636 
20181330-20:13:23:301660522 $AAXDR,C,22.4,C,ENV_SEA_T*0A
20181330-20:13:23:306228282 
20181330-20:13:23:311193959 $AAMDA,,I,,B,,C,22.4,C,,,,C,,T,,M,,N,,M*00
20181330-20:13:23:316274428 
20181330-20:13:23:790206667 $AAMTW,22.4,C*17
20181330-20:13:23:794831251 
20181330-20:13:23:799565157 $AAXDR,C,22.4,C,ENV_SEA_T*0A
20181330-20:13:23:804154115 
20181330-20:13:23:808935990 $AAMDA,,I,,B,,C,22.4,C,,,,C,,T,,M,,N,,M*00
20181330-20:13:23:813594688 
20181330-20:13:24:288010053 $AAMTW,22.4,C*17
20181330-20:13:24:293440678 
20181330-20:13:24:298689167 $AAXDR,C,22.4,C,ENV_SEA_T*0A
20181330-20:13:24:303656094 
20181330-20:13:24:308361823 $AAMDA,,I,,B,,C,22.4,C,,,,C,,T,,M,,N,,M*00
20181330-20:13:24:312976303 
20181330-20:13:24:785889375 $AAMTW,22.4,C*17
20181330-20:13:24:790801980 
20181330-20:13:24:795540625 $AAXDR,C,22.4,C,ENV_SEA_T*0A
20181330-20:13:24:800181407 
20181330-20:13:24:804757032 $AAMDA,,I,,B,,C,22.4,C,,,,C,,T,,M,,N,,M*00
20181330-20:13:24:809495261 
20181330-20:13:25:283745417 $AAMTW,22.4,C*17
20181330-20:13:25:288513646 
20181330-20:13:25:293207709 $AAXDR,C,22.4,C,ENV_SEA_T*0A
20181330-20:13:25:297704636 
20181330-20:13:25:302534115 $AAMDA,,I,,B,,C,22.4,C,,,,C,,T,,M,,N,,M*00
20181330-20:13:25:307232136 
20181330-20:13:25:780819896 $AAMTW,22.4,C*17
20181330-20:13:25:785571042 
20181330-20:13:25:790429323 $AAXDR,C,22.4,C,ENV_SEA_T*0A
20181330-20:13:25:795757135 
20181330-20:13:25:800736667 $AAMDA,,I,,B,,C,22.4,C,,,,C,,T,,M,,N,,M*00
20181330-20:13:25:805625000 
20181330-20:13:26:278616614 $AAMTW,22.4,C*17
20181330-20:13:26:283690833 
20181330-20:13:26:289349010 $AAXDR,C,22.4,C,ENV_SEA_T*0A
20181330-20:13:26:294651041 
20181330-20:13:26:299888541 $AAMDA,,I,,B,,C,22.4,C,,,,C,,T,,M,,N,,M*00
20181330-20:13:26:304818906 
20181330-20:13:26:774460260 $AAMTW,22.4,C*17
20181330-20:13:26:777010260 
20181330-20:13:26:779658177 $AAXDR,C,22.4,C,ENV_SEA_T*0A
20181330-20:13:26:782277500 
20181330-20:13:26:784892968 $AAMDA,,I,,B,,C,22.4,C,,,,C,,T,,M,,N,,M*00
20181330-20:13:26:787492656 
20181330-20:13:27:272320520 $AAMTW,22.4,C*17
20181330-20:13:27:274877083 
20181330-20:13:27:277514999 $AAXDR,C,22.4,C,ENV_SEA_T*0A
20181330-20:13:27:280146927 
20181330-20:13:27:282841510 $AAMDA,,I,,B,,C,22.4,C,,,,C,,T,,M,,N,,M*00
20181330-20:13:27:285640937 
20181330-20:13:27:772189583 $AAMTW,22.4,C*17
20181330-20:13:27:776894478 
20181330-20:13:27:781711458 $AAXDR,C,22.4,C,ENV_SEA_T*0A
20181330-20:13:27:786539791 
20181330-20:13:27:791307603 $AAMDA,,I,,B,,C,22.4,C,,,,C,,T,,M,,N,,M*00
20181330-20:13:27:795839478 
20181330-20:13:28:270140207 $AAMTW,22.4,C*17
20181330-20:13:28:274810572 
20181330-20:13:28:279957655 $AAXDR,C,22.4,C,ENV_SEA_T*0A
20181330-20:13:28:284652187 
20181330-20:13:28:289744009 $AAMDA,,I,,B,,C,22.4,C,,,,C,,T,,M,,N,,M*00
20181330-20:13:28:295020989 
20181330-20:13:28:768028228 $AAMTW,22.4,C*17
20181330-20:13:28:773236926 
20181330-20:13:28:778698749 $AAXDR,C,22.4,C,ENV_SEA_T*0A
20181330-20:13:28:784075311 
20181330-20:13:28:789415311 $AAMDA,,I,,B,,C,22.4,C,,,,C,,T,,M,,N,,M*00
20181330-20:13:28:796983488 
20181330-20:13:29:265536405 $AAMTW,22.4,C*17
20181330-20:13:29:270288645 
20181330-20:13:29:275095520 $AAXDR,C,22.4,C,ENV_SEA_T*0A
20181330-20:13:29:280038020 
20181330-20:13:29:285129478 $AAMDA,,I,,B,,C,22.4,C,,,,C,,T,,M,,N,,M*00
20181330-20:13:29:289931145 
20181330-20:13:29:762362342 $AAMTW,22.4,C*17
20181330-20:13:29:767070259 
20181330-20:13:29:771986092 $AAXDR,C,22.4,C,ENV_SEA_T*0A
20181330-20:13:29:777066873 
20181330-20:13:29:782425676 $AAMDA,,I,,B,,C,22.4,C,,,,C,,T,,M,,N,,M*00
20181330-20:13:29:787563748 
20181330-20:13:30:260197550 $AAMTW,22.4,C*17
20181330-20:13:30:264779686 
20181330-20:13:30:269650832 $AAXDR,C,22.4,C,ENV_SEA_T*0A
20181330-20:13:30:274284321 
20181330-20:13:30:279698175 $AAMDA,,I,,B,,C,22.4,C,,,,C,,T,,M,,N,,M*00
20181330-20:13:30:284581405 
20181330-20:13:30:758066925 $AAMTW,22.4,C*17
20181330-20:13:30:762863852 
20181330-20:13:30:767561248 $AAXDR,C,22.4,C,ENV_SEA_T*0A
20181330-20:13:30:772672706 
20181330-20:13:30:777667134 $AAMDA,,I,,B,,C,22.4,C,,,,C,,T,,M,,N,,M*00
20181330-20:13:30:782374634 
20181330-20:13:31:255834373 $AAMTW,22.4,C*17
20181330-20:13:31:260558904 
20181330-20:13:31:265719790 $AAXDR,C,22.4,C,ENV_SEA_T*0A
20181330-20:13:31:271011248 
20181330-20:13:31:275981613 $AAMDA,,I,,B,,C,22.4,C,,,,C,,T,,M,,N,,M*00
20181330-20:13:31:281000675 
20181330-20:13:31:753794425 $AAMTW,22.4,C*17
20181330-20:13:31:758612133 
20181330-20:13:31:763796196 $AAXDR,C,22.4,C,ENV_SEA_T*0A
20181330-20:13:31:769060362 
20181330-20:13:31:774171196 $AAMDA,,I,,B,,C,22.4,C,,,,C,,T,,M,,N,,M*00
20181330-20:13:31:779511456 
20181330-20:13:32:251677914 $AAMTW,22.4,C*17
20181330-20:13:32:256671664 
20181330-20:13:32:261661925 $AAXDR,C,22.4,C,ENV_SEA_T*0A
20181330-20:13:32:266687289 
20181330-20:13:32:272100206 $AAMDA,,I,,B,,C,22.4,C,,,,C,,T,,M,,N,,M*00
20181330-20:13:32:277176352 
20181330-20:13:32:749748070 $AAMTW,22.4,C*17
20181330-20:13:32:754361977 
20181330-20:13:32:759194477 $AAXDR,C,22.4,C,ENV_SEA_T*0A
20181330-20:13:32:764116872 
20181330-20:13:32:769544320 $AAMDA,,I,,B,,C,22.4,C,,,,C,,T,,M,,N,,M*00
20181330-20:13:32:774765102 
20181330-20:13:33:247326299 $AAMTW,22.4,C*17
20181330-20:13:33:252067549 
20181330-20:13:33:256767966 $AAXDR,C,22.4,C,ENV_SEA_T*0A
20181330-20:13:33:261795153 
20181330-20:13:33:266826091 $AAMDA,,I,,B,,C,22.4,C,,,,C,,T,,M,,N,,M*00
20181330-20:13:33:271606455 
20181330-20:13:33:744055153 $AAMTW,22.4,C*17
20181330-20:13:33:748791351 
20181330-20:13:33:753478851 $AAXDR,C,22.4,C,ENV_SEA_T*0A
20181330-20:13:33:758163278 
20181330-20:13:33:762873434 $AAMDA,,I,,B,,C,22.4,C,,,,C,,T,,M,,N,,M*00
20181330-20:13:33:767446507 
20181330-20:13:34:241947809 $AAMTW,22.4,C*17
20181330-20:13:34:246608382 
20181330-20:13:34:251544945 $AAXDR,C,22.4,C,ENV_SEA_T*0A
20181330-20:13:34:256298799 
20181330-20:13:34:261094893 $AAMDA,,I,,B,,C,22.4,C,,,,C,,T,,M,,N,,M*00
20181330-20:13:34:265747028 
20181330-20:13:34:739930830 $AAMTW,22.4,C*17
20181330-20:13:34:744592601 
20181330-20:13:34:749496976 $AAXDR,C,22.4,C,ENV_SEA_T*0A
20181330-20:13:34:754494892 
20181330-20:13:34:759750517 $AAMDA,,I,,B,,C,22.4,C,,,,C,,T,,M,,N,,M*00
20181330-20:13:34:764611351 
20181330-20:13:35:237711351 $AAMTW,22.4,C*17
20181330-20:13:35:242463330 
20181330-20:13:35:247387132 $AAXDR,C,22.4,C,ENV_SEA_T*0A
20181330-20:13:35:252551715 
20181330-20:13:35:257596038 $AAMDA,,I,,B,,C,22.4,C,,,,C,,T,,M,,N,,M*00
20181330-20:13:35:262679528 
20181330-20:13:35:735528121 $AAMTW,22.4,C*17
20181330-20:13:35:740355934 
20181330-20:13:35:745103382 $AAXDR,C,22.4,C,ENV_SEA_T*0A
20181330-20:13:35:750254527 
20181330-20:13:35:755549059 $AAMDA,,I,,B,,C,22.4,C,,,,C,,T,,M,,N,,M*00
20181330-20:13:35:760813382 
20181330-20:13:36:233269631 $AAMTW,22.4,C*17
20181330-20:13:36:237967079 
20181330-20:13:36:242851715 $AAXDR,C,22.4,C,ENV_SEA_T*0A
20181330-20:13:36:247399736 
20181330-20:13:36:252215881 $AAMDA,,I,,B,,C,22.4,C,,,,C,,T,,M,,N,,M*00
20181330-20:13:36:256739892 
20181330-20:13:36:731443069 $AAMTW,22.4,C*17
20181330-20:13:36:736206871 
20181330-20:13:36:741105673 $AAXDR,C,22.4,C,ENV_SEA_T*0A
20181330-20:13:36:745736975 
20181330-20:13:36:750576402 $AAMDA,,I,,B,,C,22.4,C,,,,C,,T,,M,,N,,M*00
20181330-20:13:36:755276871 
20181330-20:13:37:229096298 $AAMTW,22.4,C*17
20181330-20:13:37:233737079 
20181330-20:13:37:238873485 $AAXDR,C,22.4,C,ENV_SEA_T*0A
20181330-20:13:37:243907391 
20181330-20:13:37:248664162 $AAMDA,,I,,B,,C,22.4,C,,,,C,,T,,M,,N,,M*00
20181330-20:13:37:253359371 
20181330-20:13:37:725798485 $AAMTW,22.4,C*17
20181330-20:13:37:731270360 
20181330-20:13:37:736419006 $AAXDR,C,22.4,C,ENV_SEA_T*0A
20181330-20:13:37:741229475 
20181330-20:13:37:746198225 $AAMDA,,I,,B,,C,22.4,C,,,,C,,T,,M,,N,,M*00
20181330-20:13:37:751769891 
20181330-20:13:38:221870516 $AAMTW,22.4,C*17
20181330-20:13:38:224548745 
20181330-20:13:38:230089058 $AAXDR,C,22.4,C,ENV_SEA_T*0A
20181330-20:13:38:232944006 
20181330-20:13:38:235737287 $AAMDA,,I,,B,,C,22.4,C,,,,C,,T,,M,,N,,M*00
20181330-20:13:38:239317079 
20181330-20:13:38:719747599 $AAMTW,22.8,C*1B
20181330-20:13:38:722302599 
20181330-20:13:38:725077964 $AAXDR,C,22.8,C,ENV_SEA_T*06
20181330-20:13:38:727601610 
20181330-20:13:38:730218641 $AAMDA,,I,,B,,C,22.8,C,,,,C,,T,,M,,N,,M*0C
20181330-20:13:38:732744787 
20181330-20:13:39:219663484 $AAMTW,22.8,C*1B
20181330-20:13:39:224878224 
20181330-20:13:39:230120099 $AAXDR,C,22.8,C,ENV_SEA_T*06
20181330-20:13:39:235563693 
20181330-20:13:39:240691766 $AAMDA,,I,,B,,C,22.8,C,,,,C,,T,,M,,N,,M*0C
20181330-20:13:39:245336662 
20181330-20:13:39:717334474 $AAMTW,22.8,C*1B
20181330-20:13:39:722114630 
20181330-20:13:39:729574682 $AAXDR,C,22.8,C,ENV_SEA_T*06
20181330-20:13:39:734654578 
20181330-20:13:39:739869630 $AAMDA,,I,,B,,C,22.8,C,,,,C,,T,,M,,N,,M*0C
20181330-20:13:39:744611193 
