20182131-21:21:05:463852236 $AAMWD,0.0,T,0.0,M,0.0,N,0.0,M*44
20182131-21:21:05:468992496 
20182131-21:21:06:957481766 $AAMTW,24.3,C*16
20182131-21:21:06:962256506 
20182131-21:21:06:967046089 $AAXDR,C,24.3,C,ENV_SEA_T*0B
20182131-21:21:06:971835412 
20182131-21:21:06:976635568 $AAMDA,,I,,B,,C,24.3,C,,,,C,,T,,M,,N,,M*01
20182131-21:21:06:981423798 
20182131-21:21:07:704224266 $AAMTW,24.3,C*16
20182131-21:21:07:709014735 
20182131-21:21:07:714057131 $AAXDR,C,24.3,C,ENV_SEA_T*0B
20182131-21:21:07:718695152 
20182131-21:21:07:723556766 $AAMDA,,I,,B,,C,24.3,C,,,,C,,T,,M,,N,,M*01
20182131-21:21:07:728194735 
20182131-21:21:08:201500776 $AAMTW,24.3,C*16
20182131-21:21:08:206993172 
20182131-21:21:08:212134630 $AAXDR,C,24.3,C,ENV_SEA_T*0B
20182131-21:21:08:217109995 
20182131-21:21:08:222917287 $AAMDA,,I,,B,,C,24.3,C,,,,C,,T,,M,,N,,M*01
20182131-21:21:08:230277964 
20182131-21:21:08:696886505 $AAMTW,24.3,C*16
20182131-21:21:08:699805776 
20182131-21:21:08:702544318 $AAXDR,C,24.3,C,ENV_SEA_T*0B
20182131-21:21:08:705111557 
20182131-21:21:08:707760932 $AAMDA,,I,,B,,C,24.3,C,,,,C,,T,,M,,N,,M*01
20182131-21:21:08:710447859 
20182131-21:21:09:196625255 $AAMTW,24.3,C*16
20182131-21:21:09:202311401 
20182131-21:21:09:207958693 $AAXDR,C,24.3,C,ENV_SEA_T*0B
20182131-21:21:09:213678641 
20182131-21:21:09:219368484 $AAMDA,,I,,B,,C,24.3,C,,,,C,,T,,M,,N,,M*01
20182131-21:21:09:224411922 
20182131-21:21:09:694443901 $AAMTW,24.3,C*16
20182131-21:21:09:699452130 
20182131-21:21:09:704489942 $AAXDR,C,24.3,C,ENV_SEA_T*0B
20182131-21:21:09:709226244 
20182131-21:21:09:714250151 $AAMDA,,I,,B,,C,24.3,C,,,,C,,T,,M,,N,,M*01
20182131-21:21:09:719089265 
20182131-21:21:10:192363432 $AAMTW,24.3,C*16
20182131-21:21:10:197391661 
20182131-21:21:10:202598536 $AAXDR,C,24.3,C,ENV_SEA_T*0B
20182131-21:21:10:208718744 
20182131-21:21:10:214231140 $AAMDA,,I,,B,,C,24.3,C,,,,C,,T,,M,,N,,M*01
20182131-21:21:10:219236661 
20182131-21:21:10:689050098 $AAMTW,24.3,C*16
20182131-21:21:10:694373171 
20182131-21:21:10:699234682 $AAXDR,C,24.3,C,ENV_SEA_T*0B
20182131-21:21:10:704126296 
20182131-21:21:10:709102807 $AAMDA,,I,,B,,C,24.3,C,,,,C,,T,,M,,N,,M*01
20182131-21:21:10:714148223 
20182131-21:21:11:186714369 $AAMTW,24.3,C*16
20182131-21:21:11:191552546 
20182131-21:21:11:196324942 $AAXDR,C,24.3,C,ENV_SEA_T*0B
20182131-21:21:11:202114056 
20182131-21:21:11:208057442 $AAMDA,,I,,B,,C,24.3,C,,,,C,,T,,M,,N,,M*01
20182131-21:21:11:213493119 
20182131-21:21:11:684691556 $AAMTW,24.3,C*16
20182131-21:21:11:689814994 
20182131-21:21:11:694592337 $AAXDR,C,24.3,C,ENV_SEA_T*0B
20182131-21:21:11:699883431 
20182131-21:21:11:704676192 $AAMDA,,I,,B,,C,24.3,C,,,,C,,T,,M,,N,,M*01
20182131-21:21:11:709476973 
20182131-21:21:12:182596816 $AAMTW,24.3,C*16
20182131-21:21:12:187350983 
20182131-21:21:12:192239160 $AAXDR,C,24.3,C,ENV_SEA_T*0B
20182131-21:21:12:197481869 
20182131-21:21:12:203228483 $AAMDA,,I,,B,,C,24.3,C,,,,C,,T,,M,,N,,M*01
20182131-21:21:12:208588483 
20182131-21:21:12:680533900 $AAMTW,24.3,C*16
20182131-21:21:12:685445514 
20182131-21:21:12:690783014 $AAXDR,C,24.3,C,ENV_SEA_T*0B
20182131-21:21:12:695750514 
20182131-21:21:12:700929056 $AAMDA,,I,,B,,C,24.3,C,,,,C,,T,,M,,N,,M*01
20182131-21:21:12:705934733 
20182131-21:21:13:178712389 $AAMTW,24.3,C*16
20182131-21:21:13:184206399 
20182131-21:21:13:189331347 $AAXDR,C,24.3,C,ENV_SEA_T*0B
20182131-21:21:13:194432024 
20182131-21:21:13:199974420 $AAMDA,,I,,B,,C,24.3,C,,,,C,,T,,M,,N,,M*01
20182131-21:21:13:205379733 
20182131-21:21:13:676478066 $AAMTW,24.3,C*16
20182131-21:21:13:681731347 
20182131-21:21:13:686668691 $AAXDR,C,24.3,C,ENV_SEA_T*0B
20182131-21:21:13:691724576 
20182131-21:21:13:696464472 $AAMDA,,I,,B,,C,24.3,C,,,,C,,T,,M,,N,,M*01
20182131-21:21:13:701236764 
20182131-21:21:14:174368743 $AAMTW,24.3,C*16
20182131-21:21:14:179379837 
20182131-21:21:14:184141972 $AAXDR,C,24.3,C,ENV_SEA_T*0B
20182131-21:21:14:189113587 
20182131-21:21:14:194286868 $AAMDA,,I,,B,,C,24.3,C,,,,C,,T,,M,,N,,M*01
20182131-21:21:14:199299524 
20182131-21:21:14:672274316 $AAMTW,24.3,C*16
20182131-21:21:14:677464263 
20182131-21:21:14:682372493 $AAXDR,C,24.3,C,ENV_SEA_T*0B
20182131-21:21:14:687291399 
20182131-21:21:14:692130826 $AAMDA,,I,,B,,C,24.3,C,,,,C,,T,,M,,N,,M*01
20182131-21:21:14:696901920 
20182131-21:21:15:170165774 $AAMTW,24.3,C*16
20182131-21:21:15:175090722 
20182131-21:21:15:179934263 $AAXDR,C,24.3,C,ENV_SEA_T*0B
20182131-21:21:15:184705461 
20182131-21:21:15:189942128 $AAMDA,,I,,B,,C,24.3,C,,,,C,,T,,M,,N,,M*01
20182131-21:21:15:194828482 
20182131-21:21:15:666383221 $AAMTW,24.3,C*16
20182131-21:21:15:671810253 
20182131-21:21:15:679387596 $AAXDR,C,24.3,C,ENV_SEA_T*0B
20182131-21:21:15:684531398 
20182131-21:21:15:689231294 $AAMDA,,I,,B,,C,24.3,C,,,,C,,T,,M,,N,,M*01
20182131-21:21:15:694096763 
20182131-21:21:16:164461034 $AAMTW,24.3,C*16
20182131-21:21:16:169606502 
20182131-21:21:16:174482961 $AAXDR,C,24.3,C,ENV_SEA_T*0B
20182131-21:21:16:179280721 
20182131-21:21:16:184131294 $AAMDA,,I,,B,,C,24.3,C,,,,C,,T,,M,,N,,M*01
20182131-21:21:16:188792648 
20182131-21:21:16:662430304 $AAMTW,24.3,C*16
20182131-21:21:16:667564523 
20182131-21:21:16:672637075 $AAXDR,C,24.3,C,ENV_SEA_T*0B
20182131-21:21:16:677481138 
20182131-21:21:16:682486502 $AAMDA,,I,,B,,C,24.3,C,,,,C,,T,,M,,N,,M*01
20182131-21:21:16:687348325 
20182131-21:21:17:160262648 $AAMTW,24.3,C*16
20182131-21:21:17:165149627 
20182131-21:21:17:170001919 $AAXDR,C,24.3,C,ENV_SEA_T*0B
20182131-21:21:17:174927752 
20182131-21:21:17:179794940 $AAMDA,,I,,B,,C,24.3,C,,,,C,,T,,M,,N,,M*01
20182131-21:21:17:184423429 
