20182231-21:22:04:074505983 $AAMWD,0.0,T,0.0,M,0.0,N,0.0,M*44
20182231-21:22:04:077478379 
20182231-21:22:05:071019212 $AAMTW,24.7,C*12
20182231-21:22:05:075908848 
20182231-21:22:05:080915514 $AAXDR,C,24.7,C,ENV_SEA_T*0F
20182231-21:22:05:086041348 
20182231-21:22:05:091267702 $AAMDA,,I,,B,,C,24.7,C,,,,C,,T,,M,,N,,M*05
20182231-21:22:05:096353743 
20182231-21:22:05:568871399 $AAMTW,24.7,C*12
20182231-21:22:05:573622702 
20182231-21:22:05:578637806 $AAXDR,C,24.7,C,ENV_SEA_T*0F
20182231-21:22:05:583164212 
20182231-21:22:05:587947024 $AAMDA,,I,,B,,C,24.7,C,,,,C,,T,,M,,N,,M*05
20182231-21:22:05:592544264 
20182231-21:22:06:066802024 $AAMTW,24.7,C*12
20182231-21:22:06:072589889 
20182231-21:22:06:086275149 $AAXDR,C,24.7,C,ENV_SEA_T*0F
20182231-21:22:06:090870097 
20182231-21:22:06:096134941 $AAMDA,,I,,B,,C,24.7,C,,,,C,,T,,M,,N,,M*05
20182231-21:22:06:100995514 
20182231-21:22:06:564705826 $AAMTW,24.7,C*12
20182231-21:22:06:569648066 
20182231-21:22:06:574626503 $AAXDR,C,24.7,C,ENV_SEA_T*0F
20182231-21:22:06:579234316 
20182231-21:22:06:583934732 $AAMDA,,I,,B,,C,24.7,C,,,,C,,T,,M,,N,,M*05
20182231-21:22:06:588492597 
20182231-21:22:07:062583691 $AAMTW,24.7,C*12
20182231-21:22:07:067464888 
20182231-21:22:07:072230461 $AAXDR,C,24.7,C,ENV_SEA_T*0F
20182231-21:22:07:076954107 
20182231-21:22:07:081676086 $AAMDA,,I,,B,,C,24.7,C,,,,C,,T,,M,,N,,M*05
20182231-21:22:07:086573274 
20182231-21:22:07:560401086 $AAMTW,24.7,C*12
20182231-21:22:07:565112128 
20182231-21:22:07:569782388 $AAXDR,C,24.7,C,ENV_SEA_T*0F
20182231-21:22:07:576811607 
20182231-21:22:07:581566972 $AAMDA,,I,,B,,C,24.7,C,,,,C,,T,,M,,N,,M*05
20182231-21:22:07:586304315 
20182231-21:22:08:058251451 $AAMTW,24.7,C*12
20182231-21:22:08:062926346 
20182231-21:22:08:067984784 $AAXDR,C,24.7,C,ENV_SEA_T*0F
20182231-21:22:08:072686086 
20182231-21:22:08:077614680 $AAMDA,,I,,B,,C,24.7,C,,,,C,,T,,M,,N,,M*05
20182231-21:22:08:082207701 
20182231-21:22:08:556315044 $AAMTW,24.7,C*12
20182231-21:22:08:561067961 
20182231-21:22:08:566012075 $AAXDR,C,24.7,C,ENV_SEA_T*0F
20182231-21:22:08:570635773 
20182231-21:22:08:575457127 $AAMDA,,I,,B,,C,24.7,C,,,,C,,T,,M,,N,,M*05
20182231-21:22:08:579918065 
20182231-21:22:09:054111659 $AAMTW,24.7,C*12
20182231-21:22:09:059089992 
20182231-21:22:09:064047023 $AAXDR,C,24.7,C,ENV_SEA_T*0F
20182231-21:22:09:068777127 
20182231-21:22:09:076115044 $AAMDA,,I,,B,,C,24.7,C,,,,C,,T,,M,,N,,M*05
20182231-21:22:09:080788690 
20182231-21:22:09:550544627 $AAMTW,24.7,C*12
20182231-21:22:09:555306554 
20182231-21:22:09:559932231 $AAXDR,C,24.7,C,ENV_SEA_T*0F
20182231-21:22:09:564748533 
20182231-21:22:09:569422648 $AAMDA,,I,,B,,C,24.7,C,,,,C,,T,,M,,N,,M*05
20182231-21:22:09:573996554 
20182231-21:22:10:048452439 $AAMTW,24.7,C*12
20182231-21:22:10:053467023 
20182231-21:22:10:058259366 $AAXDR,C,24.7,C,ENV_SEA_T*0F
20182231-21:22:10:063157179 
20182231-21:22:10:068201085 $AAMDA,,I,,B,,C,24.7,C,,,,C,,T,,M,,N,,M*05
20182231-21:22:10:073036971 
20182231-21:22:10:546419054 $AAMTW,24.7,C*12
20182231-21:22:10:551301606 
20182231-21:22:10:555930512 $AAXDR,C,24.7,C,ENV_SEA_T*0F
20182231-21:22:10:560636554 
20182231-21:22:10:565629835 $AAMDA,,I,,B,,C,24.7,C,,,,C,,T,,M,,N,,M*05
20182231-21:22:10:570184991 
20182231-21:22:11:044576137 $AAMTW,24.7,C*12
20182231-21:22:11:049226449 
20182231-21:22:11:054160408 $AAXDR,C,24.7,C,ENV_SEA_T*0F
20182231-21:22:11:058966658 
20182231-21:22:11:063789679 $AAMDA,,I,,B,,C,24.7,C,,,,C,,T,,M,,N,,M*05
20182231-21:22:11:076051501 
20182231-21:22:11:542032647 $AAMTW,24.3,C*16
20182231-21:22:11:546708897 
20182231-21:22:11:551444835 $AAXDR,C,24.3,C,ENV_SEA_T*0B
20182231-21:22:11:556087803 
20182231-21:22:11:560870043 $AAMDA,,I,,B,,C,24.3,C,,,,C,,T,,M,,N,,M*01
20182231-21:22:11:565622595 
20182231-21:22:12:040102803 $AAMTW,24.3,C*16
20182231-21:22:12:045152751 
20182231-21:22:12:049825407 $AAXDR,C,24.3,C,ENV_SEA_T*0B
20182231-21:22:12:054556449 
20182231-21:22:12:059300616 $AAMDA,,I,,B,,C,24.3,C,,,,C,,T,,M,,N,,M*01
20182231-21:22:12:064086814 
20182231-21:22:12:537889418 $AAMTW,24.3,C*16
20182231-21:22:12:542540459 
20182231-21:22:12:547394782 $AAXDR,C,24.3,C,ENV_SEA_T*0B
20182231-21:22:12:551939105 
20182231-21:22:12:556536813 $AAMDA,,I,,B,,C,24.3,C,,,,C,,T,,M,,N,,M*01
20182231-21:22:12:561144157 
20182231-21:22:13:035940199 $AAMTW,24.3,C*16
20182231-21:22:13:040802490 
20182231-21:22:13:045770824 $AAXDR,C,24.3,C,ENV_SEA_T*0B
20182231-21:22:13:050552542 
20182231-21:22:13:055531292 $AAMDA,,I,,B,,C,24.3,C,,,,C,,T,,M,,N,,M*01
20182231-21:22:13:060131292 
20182231-21:22:13:533953480 $AAMTW,24.7,C*12
20182231-21:22:13:539726396 
20182231-21:22:13:544992126 $AAXDR,C,24.7,C,ENV_SEA_T*0F
20182231-21:22:13:549805198 
20182231-21:22:13:554817751 $AAMDA,,I,,B,,C,24.7,C,,,,C,,T,,M,,N,,M*05
20182231-21:22:13:559619001 
20182231-21:22:14:031544157 $AAMTW,24.7,C*12
20182231-21:22:14:036306396 
20182231-21:22:14:041151084 $AAXDR,C,24.7,C,ENV_SEA_T*0F
20182231-21:22:14:045869209 
20182231-21:22:14:050685563 $AAMDA,,I,,B,,C,24.7,C,,,,C,,T,,M,,N,,M*05
20182231-21:22:14:055373167 
20182231-21:22:14:527962802 $AAMTW,24.7,C*12
20182231-21:22:14:532439625 
20182231-21:22:14:537065979 $AAXDR,C,24.7,C,ENV_SEA_T*0F
20182231-21:22:14:541484313 
20182231-21:22:14:546344209 $AAMDA,,I,,B,,C,24.7,C,,,,C,,T,,M,,N,,M*05
20182231-21:22:14:551153844 
20182231-21:22:15:025963531 $AAMTW,24.7,C*12
20182231-21:22:15:030642646 
20182231-21:22:15:035610250 $AAXDR,C,24.7,C,ENV_SEA_T*0F
20182231-21:22:15:040353010 
20182231-21:22:15:045048740 $AAMDA,,I,,B,,C,24.7,C,,,,C,,T,,M,,N,,M*05
20182231-21:22:15:049809729 
20182231-21:22:15:523688271 $AAMTW,24.7,C*12
20182231-21:22:15:528297541 
20182231-21:22:15:532984416 $AAXDR,C,24.7,C,ENV_SEA_T*0F
20182231-21:22:15:537567802 
20182231-21:22:15:542055198 $AAMDA,,I,,B,,C,24.7,C,,,,C,,T,,M,,N,,M*05
20182231-21:22:15:546981656 
20182231-21:22:16:021759156 $AAMTW,24.7,C*12
20182231-21:22:16:026451604 
20182231-21:22:16:031159260 $AAXDR,C,24.7,C,ENV_SEA_T*0F
20182231-21:22:16:035896864 
20182231-21:22:16:040831187 $AAMDA,,I,,B,,C,24.7,C,,,,C,,T,,M,,N,,M*05
20182231-21:22:16:045719052 
20182231-21:22:16:519629364 $AAMTW,24.7,C*12
20182231-21:22:16:524455510 
20182231-21:22:16:529123166 $AAXDR,C,24.7,C,ENV_SEA_T*0F
20182231-21:22:16:533679156 
20182231-21:22:16:538601916 $AAMDA,,I,,B,,C,24.7,C,,,,C,,T,,M,,N,,M*05
20182231-21:22:16:543674833 
20182231-21:22:17:017648322 $AAMTW,24.7,C*12
20182231-21:22:17:022318374 
20182231-21:22:17:027117905 $AAXDR,C,24.7,C,ENV_SEA_T*0F
20182231-21:22:17:031901916 
20182231-21:22:17:036686603 $AAMDA,,I,,B,,C,24.7,C,,,,C,,T,,M,,N,,M*05
20182231-21:22:17:041329416 
20182231-21:22:17:515434572 $AAMTW,24.7,C*12
20182231-21:22:17:519999259 
20182231-21:22:17:524958322 $AAXDR,C,24.7,C,ENV_SEA_T*0F
20182231-21:22:17:529696082 
20182231-21:22:17:534432593 $AAMDA,,I,,B,,C,24.7,C,,,,C,,T,,M,,N,,M*05
20182231-21:22:17:539197437 
20182231-21:22:18:013267228 $AAMTW,24.7,C*12
20182231-21:22:18:017919624 
20182231-21:22:18:022648374 $AAXDR,C,24.7,C,ENV_SEA_T*0F
20182231-21:22:18:027264936 
20182231-21:22:18:031953530 $AAMDA,,I,,B,,C,24.7,C,,,,C,,T,,M,,N,,M*05
20182231-21:22:18:036715874 
20182231-21:22:18:511952488 $AAMTW,24.7,C*12
20182231-21:22:18:516696967 
20182231-21:22:18:521537228 $AAXDR,C,24.7,C,ENV_SEA_T*0F
20182231-21:22:18:526264780 
20182231-21:22:18:531038426 $AAMDA,,I,,B,,C,24.7,C,,,,C,,T,,M,,N,,M*05
20182231-21:22:18:535855301 
20182231-21:22:19:007823373 $AAMTW,24.7,C*12
20182231-21:22:19:012336811 
20182231-21:22:19:016915144 $AAXDR,C,24.7,C,ENV_SEA_T*0F
20182231-21:22:19:021559728 
20182231-21:22:19:026382280 $AAMDA,,I,,B,,C,24.7,C,,,,C,,T,,M,,N,,M*05
20182231-21:22:19:031168738 
20182231-21:22:19:507778165 $AAMTW,24.7,C*12
20182231-21:22:19:512763425 
20182231-21:22:19:517585613 $AAXDR,C,24.7,C,ENV_SEA_T*0F
20182231-21:22:19:522112175 
20182231-21:22:19:526711759 $AAMDA,,I,,B,,C,24.7,C,,,,C,,T,,M,,N,,M*05
20182231-21:22:19:531534415 
20182231-21:22:20:003602227 $AAMTW,24.7,C*12
20182231-21:22:20:008270665 
20182231-21:22:20:013107592 $AAXDR,C,24.7,C,ENV_SEA_T*0F
20182231-21:22:20:018031134 
20182231-21:22:20:022901081 $AAMDA,,I,,B,,C,24.7,C,,,,C,,T,,M,,N,,M*05
20182231-21:22:20:027669936 
20182231-21:22:20:503051081 $AAMTW,24.7,C*12
20182231-21:22:20:508623477 
20182231-21:22:20:513336862 $AAXDR,C,24.7,C,ENV_SEA_T*0F
20182231-21:22:20:518119779 
20182231-21:22:20:522639102 $AAMDA,,I,,B,,C,24.7,C,,,,C,,T,,M,,N,,M*05
20182231-21:22:20:527375456 
20182231-21:22:20:999343737 $AAMTW,24.7,C*12
20182231-21:22:21:004203112 
20182231-21:22:21:008819727 $AAXDR,C,24.7,C,ENV_SEA_T*0F
20182231-21:22:21:013333789 
20182231-21:22:21:017973164 $AAMDA,,I,,B,,C,24.7,C,,,,C,,T,,M,,N,,M*05
20182231-21:22:21:022610300 
20182231-21:22:21:497853112 $AAMTW,24.7,C*12
20182231-21:22:21:502862800 
20182231-21:22:21:508418425 $AAXDR,C,24.7,C,ENV_SEA_T*0F
20182231-21:22:21:513128060 
20182231-21:22:21:518000508 $AAMDA,,I,,B,,C,24.7,C,,,,C,,T,,M,,N,,M*05
20182231-21:22:21:522470664 
20182231-21:22:21:995337695 $AAMTW,24.7,C*12
20182231-21:22:22:000054101 
20182231-21:22:22:004892799 $AAXDR,C,24.7,C,ENV_SEA_T*0F
20182231-21:22:22:009631497 
20182231-21:22:22:014422591 $AAMDA,,I,,B,,C,24.7,C,,,,C,,T,,M,,N,,M*05
20182231-21:22:22:019114674 
20182231-21:22:22:493092174 $AAMTW,24.7,C*12
20182231-21:22:22:498127747 
20182231-21:22:22:503234570 $AAXDR,C,24.7,C,ENV_SEA_T*0F
20182231-21:22:22:508454518 
20182231-21:22:22:513407539 $AAMDA,,I,,B,,C,24.7,C,,,,C,,T,,M,,N,,M*05
20182231-21:22:22:518155976 
20182231-21:22:22:991090768 $AAMTW,24.7,C*12
20182231-21:22:22:996019153 
20182231-21:22:23:000692903 $AAXDR,C,24.7,C,ENV_SEA_T*0F
20182231-21:22:23:005465091 
20182231-21:22:23:010237018 $AAMDA,,I,,B,,C,24.7,C,,,,C,,T,,M,,N,,M*05
20182231-21:22:23:014917903 
20182231-21:22:23:487710559 $AAMTW,24.3,C*16
20182231-21:22:23:492385038 
20182231-21:22:23:497843320 $AAXDR,C,24.3,C,ENV_SEA_T*0B
20182231-21:22:23:503521757 
20182231-21:22:23:508654361 $AAMDA,,I,,B,,C,24.3,C,,,,C,,T,,M,,N,,M*01
20182231-21:22:23:513402278 
20182231-21:22:23:985495924 $AAMTW,24.3,C*16
20182231-21:22:23:990156861 
20182231-21:22:23:994794674 $AAXDR,C,24.3,C,ENV_SEA_T*0B
20182231-21:22:23:999431601 
20182231-21:22:24:004213788 $AAMDA,,I,,B,,C,24.3,C,,,,C,,T,,M,,N,,M*01
20182231-21:22:24:008864153 
20182231-21:22:24:483175819 $AAMTW,24.3,C*16
20182231-21:22:24:488080194 
20182231-21:22:24:492864569 $AAXDR,C,24.3,C,ENV_SEA_T*0B
20182231-21:22:24:497666028 
20182231-21:22:24:502245819 $AAMDA,,I,,B,,C,24.3,C,,,,C,,T,,M,,N,,M*01
20182231-21:22:24:507368423 
20182231-21:22:24:981071027 $AAMTW,24.3,C*16
20182231-21:22:24:985702850 
20182231-21:22:24:990326288 $AAXDR,C,24.3,C,ENV_SEA_T*0B
20182231-21:22:24:995025715 
20182231-21:22:24:999924569 $AAMDA,,I,,B,,C,24.3,C,,,,C,,T,,M,,N,,M*01
20182231-21:22:25:004581600 
20182231-21:22:25:478956809 $AAMTW,24.3,C*16
20182231-21:22:25:483763006 
20182231-21:22:25:488606756 $AAXDR,C,24.3,C,ENV_SEA_T*0B
20182231-21:22:25:493346548 
20182231-21:22:25:498071288 $AAMDA,,I,,B,,C,24.3,C,,,,C,,T,,M,,N,,M*01
20182231-21:22:25:502982433 
20182231-21:22:25:976979048 $AAMTW,24.3,C*16
20182231-21:22:25:981562850 
20182231-21:22:25:986174360 $AAXDR,C,24.3,C,ENV_SEA_T*0B
20182231-21:22:25:990759048 
20182231-21:22:25:995432798 $AAMDA,,I,,B,,C,24.3,C,,,,C,,T,,M,,N,,M*01
20182231-21:22:25:999960090 
20182231-21:22:26:474825714 $AAMTW,24.3,C*16
20182231-21:22:26:479500766 
20182231-21:22:26:484170089 $AAXDR,C,24.3,C,ENV_SEA_T*0B
20182231-21:22:26:488731496 
20182231-21:22:26:493426339 $AAMDA,,I,,B,,C,24.3,C,,,,C,,T,,M,,N,,M*01
20182231-21:22:26:498391027 
20182231-21:22:26:972687277 $AAMTW,24.3,C*16
20182231-21:22:26:977620818 
20182231-21:22:26:982281756 $AAXDR,C,24.3,C,ENV_SEA_T*0B
20182231-21:22:26:987124152 
20182231-21:22:26:991871079 $AAMDA,,I,,B,,C,24.3,C,,,,C,,T,,M,,N,,M*01
20182231-21:22:26:996670610 
20182231-21:22:27:470308162 $AAMTW,24.7,C*12
20182231-21:22:27:475073943 
20182231-21:22:27:479642329 $AAXDR,C,24.7,C,ENV_SEA_T*0F
20182231-21:22:27:484286079 
20182231-21:22:27:489038839 $AAMDA,,I,,B,,C,24.7,C,,,,C,,T,,M,,N,,M*05
20182231-21:22:27:493568006 
20182231-21:22:27:968309620 $AAMTW,24.7,C*12
20182231-21:22:27:972930037 
20182231-21:22:27:977661808 $AAXDR,C,24.7,C,ENV_SEA_T*0F
20182231-21:22:27:982243735 
20182231-21:22:27:987033995 $AAMDA,,I,,B,,C,24.7,C,,,,C,,T,,M,,N,,M*05
20182231-21:22:27:991647120 
20182231-21:22:28:465149568 $AAMTW,24.7,C*12
20182231-21:22:28:469690505 
20182231-21:22:28:474485141 $AAXDR,C,24.7,C,ENV_SEA_T*0F
20182231-21:22:28:479121703 
20182231-21:22:28:483970766 $AAMDA,,I,,B,,C,24.7,C,,,,C,,T,,M,,N,,M*05
20182231-21:22:28:488693266 
20182231-21:22:28:962990193 $AAMTW,24.7,C*12
20182231-21:22:28:980841286 
20182231-21:22:28:985471026 $AAXDR,C,24.7,C,ENV_SEA_T*0F
20182231-21:22:28:990182120 
20182231-21:22:28:994930609 $AAMDA,,I,,B,,C,24.7,C,,,,C,,T,,M,,N,,M*05
20182231-21:22:28:999482953 
20182231-21:22:29:460809880 $AAMTW,24.7,C*12
20182231-21:22:29:465448630 
20182231-21:22:29:469954463 $AAXDR,C,24.7,C,ENV_SEA_T*0F
20182231-21:22:29:474640974 
20182231-21:22:29:479556547 $AAMDA,,I,,B,,C,24.7,C,,,,C,,T,,M,,N,,M*05
20182231-21:22:29:484340557 
20182231-21:22:29:958649307 $AAMTW,24.7,C*12
20182231-21:22:29:963435140 
20182231-21:22:29:968178786 $AAXDR,C,24.7,C,ENV_SEA_T*0F
20182231-21:22:29:972820817 
20182231-21:22:29:977981026 $AAMDA,,I,,B,,C,24.7,C,,,,C,,T,,M,,N,,M*05
20182231-21:22:29:982654671 
20182231-21:22:30:456445557 $AAMTW,24.7,C*12
20182231-21:22:30:461022744 
20182231-21:22:30:465812327 $AAXDR,C,24.7,C,ENV_SEA_T*0F
20182231-21:22:30:470297900 
20182231-21:22:30:475352223 $AAMDA,,I,,B,,C,24.7,C,,,,C,,T,,M,,N,,M*05
20182231-21:22:30:479895765 
20182231-21:22:30:954911806 $AAMTW,24.7,C*12
20182231-21:22:30:960151754 
20182231-21:22:30:965542588 $AAXDR,C,24.7,C,ENV_SEA_T*0F
20182231-21:22:30:970736963 
20182231-21:22:30:975810921 $AAMDA,,I,,B,,C,24.7,C,,,,C,,T,,M,,N,,M*05
20182231-21:22:30:980963838 
20182231-21:22:31:452243629 $AAMTW,24.7,C*12
20182231-21:22:31:456796858 
20182231-21:22:31:461567275 $AAXDR,C,24.7,C,ENV_SEA_T*0F
20182231-21:22:31:466249202 
20182231-21:22:31:471363525 $AAMDA,,I,,B,,C,24.7,C,,,,C,,T,,M,,N,,M*05
20182231-21:22:31:476129202 
20182231-21:22:31:950213316 $AAMTW,24.7,C*12
20182231-21:22:31:954981337 
20182231-21:22:31:959849098 $AAXDR,C,24.7,C,ENV_SEA_T*0F
20182231-21:22:31:964803941 
20182231-21:22:31:969461389 $AAMDA,,I,,B,,C,24.7,C,,,,C,,T,,M,,N,,M*05
20182231-21:22:31:974394358 
20182231-21:22:32:448064983 $AAMTW,24.7,C*12
20182231-21:22:32:452744566 
20182231-21:22:32:457726493 $AAXDR,C,24.7,C,ENV_SEA_T*0F
20182231-21:22:32:462536233 
20182231-21:22:32:467325139 $AAMDA,,I,,B,,C,24.7,C,,,,C,,T,,M,,N,,M*05
20182231-21:22:32:471782066 
20182231-21:22:32:945923264 $AAMTW,24.7,C*12
20182231-21:22:32:950740868 
20182231-21:22:32:955481441 $AAXDR,C,24.7,C,ENV_SEA_T*0F
20182231-21:22:32:960385920 
20182231-21:22:32:965323785 $AAMDA,,I,,B,,C,24.7,C,,,,C,,T,,M,,N,,M*05
20182231-21:22:32:969892535 
20182231-21:22:33:442503524 $AAMTW,24.7,C*12
20182231-21:22:33:447038368 
20182231-21:22:33:451719305 $AAXDR,C,24.7,C,ENV_SEA_T*0F
20182231-21:22:33:456343368 
20182231-21:22:33:461123108 $AAMDA,,I,,B,,C,24.7,C,,,,C,,T,,M,,N,,M*05
20182231-21:22:33:465923785 
20182231-21:22:33:940443524 $AAMTW,24.7,C*12
20182231-21:22:33:945047482 
20182231-21:22:33:949809774 $AAXDR,C,24.7,C,ENV_SEA_T*0F
20182231-21:22:33:954445712 
20182231-21:22:33:959493576 $AAMDA,,I,,B,,C,24.7,C,,,,C,,T,,M,,N,,M*05
20182231-21:22:33:964220816 
20182231-21:22:34:438241232 $AAMTW,24.7,C*12
20182231-21:22:34:443057847 
20182231-21:22:34:447915451 $AAXDR,C,24.7,C,ENV_SEA_T*0F
20182231-21:22:34:452475607 
20182231-21:22:34:457578159 $AAMDA,,I,,B,,C,24.7,C,,,,C,,T,,M,,N,,M*05
20182231-21:22:34:462176805 
20182231-21:22:34:936194357 $AAMTW,24.7,C*12
20182231-21:22:34:940926649 
20182231-21:22:34:945657794 $AAXDR,C,24.7,C,ENV_SEA_T*0F
20182231-21:22:34:950601232 
20182231-21:22:34:955482742 $AAMDA,,I,,B,,C,24.7,C,,,,C,,T,,M,,N,,M*05
20182231-21:22:34:960248211 
20182231-21:22:35:434042846 $AAMTW,24.7,C*12
20182231-21:22:35:438506336 
20182231-21:22:35:443153315 $AAXDR,C,24.7,C,ENV_SEA_T*0F
20182231-21:22:35:448122169 
20182231-21:22:35:453158992 $AAMDA,,I,,B,,C,24.7,C,,,,C,,T,,M,,N,,M*05
20182231-21:22:35:458026388 
20182231-21:22:35:931877430 $AAMTW,24.7,C*12
20182231-21:22:35:936462065 
20182231-21:22:35:941223315 $AAXDR,C,24.7,C,ENV_SEA_T*0F
20182231-21:22:35:946045502 
20182231-21:22:35:951045502 $AAMDA,,I,,B,,C,24.7,C,,,,C,,T,,M,,N,,M*05
20182231-21:22:35:955920867 
20182231-21:22:36:429886127 $AAMTW,24.7,C*12
20182231-21:22:36:434518054 
20182231-21:22:36:439086596 $AAXDR,C,24.7,C,ENV_SEA_T*0F
20182231-21:22:36:443757898 
20182231-21:22:36:448608158 $AAMDA,,I,,B,,C,24.7,C,,,,C,,T,,M,,N,,M*05
20182231-21:22:36:453042586 
20182231-21:22:36:927782794 $AAMTW,24.7,C*12
20182231-21:22:36:932745398 
20182231-21:22:36:937753106 $AAXDR,C,24.7,C,ENV_SEA_T*0F
20182231-21:22:36:941282898 
20182231-21:22:36:944015919 $AAMDA,,I,,B,,C,24.7,C,,,,C,,T,,M,,N,,M*05
20182231-21:22:36:946845971 
20182231-21:22:37:423635710 $AAMTW,24.7,C*12
20182231-21:22:37:426166023 
20182231-21:22:37:428583471 $AAXDR,C,24.7,C,ENV_SEA_T*0F
20182231-21:22:37:430977221 
20182231-21:22:37:433727794 $AAMDA,,I,,B,,C,24.7,C,,,,C,,T,,M,,N,,M*05
20182231-21:22:37:436506387 
20182231-21:22:37:923979095 $AAMTW,24.7,C*12
20182231-21:22:37:929096700 
20182231-21:22:37:934062325 $AAXDR,C,24.7,C,ENV_SEA_T*0F
20182231-21:22:37:938774304 
20182231-21:22:37:944115345 $AAMDA,,I,,B,,C,24.7,C,,,,C,,T,,M,,N,,M*05
20182231-21:22:37:947568991 
20182231-21:22:38:442538626 $AAMTW,24.7,C*12
20182231-21:22:38:445681335 
20182231-21:22:38:451353418 $AAXDR,C,24.7,C,ENV_SEA_T*0F
20182231-21:22:38:456407481 
20182231-21:22:38:465921491 $AAMDA,,I,,B,,C,24.7,C,,,,C,,T,,M,,N,,M*05
20182231-21:22:38:482367741 
20182231-21:22:38:929918158 $AAMTW,24.7,C*12
20182231-21:22:38:962531283 
20182231-21:22:38:977295553 $AAXDR,C,24.7,C,ENV_SEA_T*0F
20182231-21:22:39:015198053 
20182231-21:22:39:044099668 $AAMDA,,I,,B,,C,24.7,C,,,,C,,T,,M,,N,,M*05
20182231-21:22:39:078017376 
20182231-21:22:39:428818678 $AAMTW,24.7,C*12
20182231-21:22:39:449331959 
20182231-21:22:39:508708209 $AAXDR,C,24.7,C,ENV_SEA_T*0F
20182231-21:22:39:525112689 
20182231-21:22:39:566989980 $AAMDA,,I,,B,,C,24.7,C,,,,C,,T,,M,,N,,M*05
20182231-21:22:39:570780501 
20182231-21:22:39:914084147 $AAMTW,24.7,C*12
20182231-21:22:39:931894251 
20182231-21:22:39:935569459 $AAXDR,C,24.7,C,ENV_SEA_T*0F
20182231-21:22:39:938781803 
20182231-21:22:39:941974251 $AAMDA,,I,,B,,C,24.7,C,,,,C,,T,,M,,N,,M*05
20182231-21:22:39:945180397 
20182231-21:22:40:424371647 $AAMTW,24.7,C*12
20182231-21:22:40:427762844 
20182231-21:22:40:431545917 $AAXDR,C,24.7,C,ENV_SEA_T*0F
20182231-21:22:40:435937428 
20182231-21:22:40:440003574 $AAMDA,,I,,B,,C,24.7,C,,,,C,,T,,M,,N,,M*05
20182231-21:22:40:443519199 
20182231-21:22:40:908118886 $AAMTW,24.7,C*12
20182231-21:22:40:910986386 
20182231-21:22:40:914395917 $AAXDR,C,24.7,C,ENV_SEA_T*0F
20182231-21:22:40:917483209 
20182231-21:22:40:921667532 $AAMDA,,I,,B,,C,24.7,C,,,,C,,T,,M,,N,,M*05
20182231-21:22:40:924553886 
20182231-21:22:41:405810136 $AAMTW,24.7,C*12
20182231-21:22:41:408445865 
20182231-21:22:41:411770969 $AAXDR,C,24.7,C,ENV_SEA_T*0F
20182231-21:22:41:415322896 
20182231-21:22:41:418102271 $AAMDA,,I,,B,,C,24.7,C,,,,C,,T,,M,,N,,M*05
20182231-21:22:41:420703782 
20182231-21:22:41:903636542 $AAMTW,24.7,C*12
20182231-21:22:41:906261594 
20182231-21:22:41:908976906 $AAXDR,C,24.7,C,ENV_SEA_T*0F
20182231-21:22:41:912632375 
20182231-21:22:41:915875917 $AAMDA,,I,,B,,C,24.7,C,,,,C,,T,,M,,N,,M*05
20182231-21:22:41:918439094 
20182231-21:22:42:405796281 $AAMTW,24.7,C*12
20182231-21:22:42:411787948 
20182231-21:22:42:417039719 $AAXDR,C,24.7,C,ENV_SEA_T*0F
20182231-21:22:42:422053365 
20182231-21:22:42:427453469 $AAMDA,,I,,B,,C,24.7,C,,,,C,,T,,M,,N,,M*05
20182231-21:22:42:434301646 
20182231-21:22:42:898273260 $AAMTW,24.7,C*12
20182231-21:22:42:900865291 
20182231-21:22:42:903472687 $AAXDR,C,24.7,C,ENV_SEA_T*0F
20182231-21:22:42:906198729 
20182231-21:22:42:908906646 $AAMDA,,I,,B,,C,24.7,C,,,,C,,T,,M,,N,,M*05
20182231-21:22:42:911582583 
20182231-21:22:43:398227375 $AAMTW,24.7,C*12
20182231-21:22:43:403054197 
20182231-21:22:43:407693000 $AAXDR,C,24.7,C,ENV_SEA_T*0F
20182231-21:22:43:412248208 
20182231-21:22:43:418980031 $AAMDA,,I,,B,,C,24.7,C,,,,C,,T,,M,,N,,M*05
20182231-21:22:43:423696072 
20182231-21:22:43:895851958 $AAMTW,24.7,C*12
20182231-21:22:43:900673885 
20182231-21:22:43:905432166 $AAXDR,C,24.7,C,ENV_SEA_T*0F
20182231-21:22:43:910340916 
20182231-21:22:43:915181385 $AAMDA,,I,,B,,C,24.7,C,,,,C,,T,,M,,N,,M*05
20182231-21:22:43:919789301 
20182231-21:22:44:394012947 $AAMTW,24.7,C*12
20182231-21:22:44:398609718 
20182231-21:22:44:403385083 $AAXDR,C,24.7,C,ENV_SEA_T*0F
20182231-21:22:44:408120968 
20182231-21:22:44:412940239 $AAMDA,,I,,B,,C,24.7,C,,,,C,,T,,M,,N,,M*05
20182231-21:22:44:417741489 
20182231-21:22:44:891735030 $AAMTW,24.7,C*12
20182231-21:22:44:896452895 
20182231-21:22:44:901180447 $AAXDR,C,24.7,C,ENV_SEA_T*0F
20182231-21:22:44:906007634 
20182231-21:22:44:910781957 $AAMDA,,I,,B,,C,24.7,C,,,,C,,T,,M,,N,,M*05
20182231-21:22:44:915842947 
20182231-21:22:45:389651645 $AAMTW,24.7,C*12
20182231-21:22:45:394582530 
20182231-21:22:45:911421228 $AAXDR,C,24.7,C,ENV_SEA_T*0F
20182231-21:22:45:916138415 
20182231-21:22:45:920964249 $AAMDA,,I,,B,,C,24.7,C,,,,C,,T,,M,,N,,M*05
20182231-21:22:45:925858103 
20182231-21:22:45:930759301 $AAMTW,24.7,C*12
20182231-21:22:45:935780447 
20182231-21:22:45:940408259 $AAXDR,C,24.7,C,ENV_SEA_T*0F
20182231-21:22:45:945043311 
20182231-21:22:45:949987894 $AAMDA,,I,,B,,C,24.7,C,,,,C,,T,,M,,N,,M*05
20182231-21:22:45:954646905 
20182231-21:22:46:385130863 $AAMTW,24.7,C*12
20182231-21:22:46:390551384 
20182231-21:22:46:395626696 $AAXDR,C,24.7,C,ENV_SEA_T*0F
20182231-21:22:46:400312321 
20182231-21:22:46:405412842 $AAMDA,,I,,B,,C,24.7,C,,,,C,,T,,M,,N,,M*05
20182231-21:22:46:410818155 
20182231-21:22:46:882923623 $AAMTW,24.7,C*12
20182231-21:22:46:887952894 
20182231-21:22:46:892815498 $AAXDR,C,24.7,C,ENV_SEA_T*0F
20182231-21:22:46:897721175 
20182231-21:22:46:903949509 $AAMDA,,I,,B,,C,24.7,C,,,,C,,T,,M,,N,,M*05
20182231-21:22:46:908743467 
20182231-21:22:47:378219821 $AAMTW,24.7,C*12
20182231-21:22:47:384141592 
20182231-21:22:47:387857998 $AAXDR,C,24.7,C,ENV_SEA_T*0F
20182231-21:22:47:395496436 
20182231-21:22:47:399638831 $AAMDA,,I,,B,,C,24.7,C,,,,C,,T,,M,,N,,M*05
20182231-21:22:47:402667217 
20182231-21:22:47:877647529 $AAMTW,24.7,C*12
20182231-21:22:47:882830290 
20182231-21:22:47:887663779 $AAXDR,C,24.7,C,ENV_SEA_T*0F
20182231-21:22:47:892540602 
20182231-21:22:47:898351696 $AAMDA,,I,,B,,C,24.7,C,,,,C,,T,,M,,N,,M*05
20182231-21:22:47:903212060 
20182231-21:22:48:376639300 $AAMTW,24.7,C*12
20182231-21:22:48:382019716 
20182231-21:22:48:386902164 $AAXDR,C,24.7,C,ENV_SEA_T*0F
20182231-21:22:48:392242894 
20182231-21:22:48:399788258 $AAMDA,,I,,B,,C,24.7,C,,,,C,,T,,M,,N,,M*05
20182231-21:22:48:404761383 
20182231-21:22:48:871878622 $AAMTW,24.7,C*12
20182231-21:22:48:874594768 
20182231-21:22:48:877161695 $AAXDR,C,24.7,C,ENV_SEA_T*0F
20182231-21:22:48:879657477 
20182231-21:22:48:882479091 $AAMDA,,I,,B,,C,24.7,C,,,,C,,T,,M,,N,,M*05
20182231-21:22:48:885108675 
20182231-21:22:49:371296070 $AAMTW,24.7,C*12
20182231-21:22:49:376353206 
20182231-21:22:49:382372216 $AAXDR,C,24.7,C,ENV_SEA_T*0F
20182231-21:22:49:388787008 
20182231-21:22:49:394275706 $AAMDA,,I,,B,,C,24.7,C,,,,C,,T,,M,,N,,M*05
20182231-21:22:49:403564404 
20182231-21:22:49:869429560 $AAMTW,24.7,C*12
20182231-21:22:49:874495601 
20182231-21:22:49:880167580 $AAXDR,C,24.7,C,ENV_SEA_T*0F
20182231-21:22:49:885154924 
20182231-21:22:49:889870237 $AAMDA,,I,,B,,C,24.7,C,,,,C,,T,,M,,N,,M*05
20182231-21:22:49:895479924 
20182231-21:22:50:366922216 $AAMTW,24.7,C*12
20182231-21:22:50:371716487 
20182231-21:22:50:377026487 $AAXDR,C,24.7,C,ENV_SEA_T*0F
20182231-21:22:50:382670132 
20182231-21:22:50:387829664 $AAMDA,,I,,B,,C,24.7,C,,,,C,,T,,M,,N,,M*05
20182231-21:22:50:392889455 
20182231-21:22:50:865252684 $AAMTW,24.7,C*12
20182231-21:22:50:869985132 
20182231-21:22:50:875009872 $AAXDR,C,24.7,C,ENV_SEA_T*0F
20182231-21:22:50:879655497 
20182231-21:22:50:884613726 $AAMDA,,I,,B,,C,24.7,C,,,,C,,T,,M,,N,,M*05
20182231-21:22:50:890364715 
20182231-21:22:51:361273465 $AAMTW,24.7,C*12
20182231-21:22:51:364440340 
20182231-21:22:51:367489715 $AAXDR,C,24.7,C,ENV_SEA_T*0F
20182231-21:22:51:370350757 
20182231-21:22:51:373284403 $AAMDA,,I,,B,,C,24.7,C,,,,C,,T,,M,,N,,M*05
20182231-21:22:51:376276642 
20182231-21:22:51:857897267 $AAMTW,24.7,C*12
20182231-21:22:51:860829767 
20182231-21:22:51:864145861 $AAXDR,C,24.7,C,ENV_SEA_T*0F
20182231-21:22:51:866962632 
20182231-21:22:51:869818361 $AAMDA,,I,,B,,C,24.7,C,,,,C,,T,,M,,N,,M*05
20182231-21:22:51:872745340 
20182231-21:22:52:355518361 $AAMTW,24.7,C*12
20182231-21:22:52:358994246 
20182231-21:22:52:361776434 $AAXDR,C,24.7,C,ENV_SEA_T*0F
20182231-21:22:52:364470704 
20182231-21:22:52:367161173 $AAMDA,,I,,B,,C,24.7,C,,,,C,,T,,M,,N,,M*05
20182231-21:22:52:369791382 
20182231-21:22:52:855281381 $AAMTW,24.7,C*12
20182231-21:22:52:860140131 
20182231-21:22:52:870281798 $AAXDR,C,24.7,C,ENV_SEA_T*0F
20182231-21:22:52:875163361 
20182231-21:22:52:880122527 $AAMDA,,I,,B,,C,24.7,C,,,,C,,T,,M,,N,,M*05
20182231-21:22:52:885395079 
20182231-21:22:53:351466017 $AAMTW,24.7,C*12
20182231-21:22:53:354189037 
20182231-21:22:53:356823256 $AAXDR,C,24.7,C,ENV_SEA_T*0F
20182231-21:22:53:359384923 
20182231-21:22:53:361953985 $AAMDA,,I,,B,,C,24.7,C,,,,C,,T,,M,,N,,M*05
20182231-21:22:53:364507944 
20182231-21:22:53:849127787 $AAMTW,24.7,C*12
20182231-21:22:53:851701902 
20182231-21:22:53:854389975 $AAXDR,C,24.7,C,ENV_SEA_T*0F
20182231-21:22:53:856978725 
20182231-21:22:53:859557839 $AAMDA,,I,,B,,C,24.7,C,,,,C,,T,,M,,N,,M*05
20182231-21:22:53:862253256 
20182231-21:22:54:349699818 $AAMTW,24.7,C*12
20182231-21:22:54:356668464 
20182231-21:22:54:361673568 $AAXDR,C,24.7,C,ENV_SEA_T*0F
20182231-21:22:54:366787318 
20182231-21:22:54:371889975 $AAMDA,,I,,B,,C,24.7,C,,,,C,,T,,M,,N,,M*05
20182231-21:22:54:377823777 
20182231-21:22:54:845423829 $AAMTW,24.7,C*12
20182231-21:22:54:849833204 
20182231-21:22:54:853504714 $AAXDR,C,24.7,C,ENV_SEA_T*0F
20182231-21:22:54:857039089 
20182231-21:22:54:860435131 $AAMDA,,I,,B,,C,24.7,C,,,,C,,T,,M,,N,,M*05
20182231-21:22:54:864039870 
20182231-21:22:55:344680026 $AAMTW,24.7,C*12
20182231-21:22:55:349288828 
20182231-21:22:55:354134453 $AAXDR,C,24.7,C,ENV_SEA_T*0F
20182231-21:22:55:358987266 
20182231-21:22:55:364097526 $AAMDA,,I,,B,,C,24.7,C,,,,C,,T,,M,,N,,M*05
20182231-21:22:55:369096849 
20182231-21:22:55:842559870 $AAMTW,24.7,C*12
20182231-21:22:55:847797734 
20182231-21:22:55:852561953 $AAXDR,C,24.7,C,ENV_SEA_T*0F
20182231-21:22:55:857446589 
20182231-21:22:55:862540703 $AAMDA,,I,,B,,C,24.7,C,,,,C,,T,,M,,N,,M*05
20182231-21:22:55:867976745 
20182231-21:22:56:338976484 $AAMTW,24.7,C*12
20182231-21:22:56:344697109 
20182231-21:22:56:349286068 $AAXDR,C,24.7,C,ENV_SEA_T*0F
20182231-21:22:56:354282630 
20182231-21:22:56:359366432 $AAMDA,,I,,B,,C,24.7,C,,,,C,,T,,M,,N,,M*05
20182231-21:22:56:364538099 
20182231-21:22:56:835473567 $AAMTW,24.7,C*12
20182231-21:22:56:838241744 
20182231-21:22:56:841036224 $AAXDR,C,24.7,C,ENV_SEA_T*0F
20182231-21:22:56:846950078 
20182231-21:22:56:849706953 $AAMDA,,I,,B,,C,24.7,C,,,,C,,T,,M,,N,,M*05
20182231-21:22:56:852330286 
20182231-21:22:57:334935963 $AAMTW,24.7,C*12
20182231-21:22:57:340072473 
20182231-21:22:57:343243151 $AAXDR,C,24.7,C,ENV_SEA_T*0F
20182231-21:22:57:345875234 
20182231-21:22:57:348983046 $AAMDA,,I,,B,,C,24.7,C,,,,C,,T,,M,,N,,M*05
20182231-21:22:57:352141640 
20182231-21:22:57:833596848 $AAMTW,24.7,C*12
20182231-21:22:57:838777734 
20182231-21:22:57:843410077 $AAXDR,C,24.7,C,ENV_SEA_T*0F
20182231-21:22:57:848824869 
20182231-21:22:57:853668619 $AAMDA,,I,,B,,C,24.7,C,,,,C,,T,,M,,N,,M*05
20182231-21:22:57:859001015 
20182231-21:22:58:330622629 $AAMTW,24.7,C*12
20182231-21:22:58:335285338 
20182231-21:22:58:339840702 $AAXDR,C,24.7,C,ENV_SEA_T*0F
20182231-21:22:58:345540390 
20182231-21:22:58:350156640 $AAMDA,,I,,B,,C,24.7,C,,,,C,,T,,M,,N,,M*05
20182231-21:22:58:355063983 
20182231-21:22:58:828677369 $AAMTW,24.7,C*12
20182231-21:22:58:833624765 
20182231-21:22:58:838492942 $AAXDR,C,24.7,C,ENV_SEA_T*0F
20182231-21:22:58:843212473 
20182231-21:22:58:848447160 $AAMDA,,I,,B,,C,24.7,C,,,,C,,T,,M,,N,,M*05
20182231-21:22:58:853255754 
20182231-21:22:59:326829712 $AAMTW,24.7,C*12
20182231-21:22:59:331572525 
20182231-21:22:59:337119296 $AAXDR,C,24.7,C,ENV_SEA_T*0F
20182231-21:22:59:341813983 
20182231-21:22:59:346664868 $AAMDA,,I,,B,,C,24.7,C,,,,C,,T,,M,,N,,M*05
20182231-21:22:59:352231275 
20182231-21:22:59:824310493 $AAMTW,24.7,C*12
20182231-21:22:59:828999295 
20182231-21:22:59:834425025 $AAXDR,C,24.7,C,ENV_SEA_T*0F
20182231-21:22:59:839125910 
20182231-21:22:59:844037681 $AAMDA,,I,,B,,C,24.7,C,,,,C,,T,,M,,N,,M*05
20182231-21:22:59:849106795 
20182331-21:23:00:322024295 $AAMTW,24.7,C*12
20182331-21:23:00:326731170 
20182331-21:23:00:331540910 $AAXDR,C,24.7,C,ENV_SEA_T*0F
20182331-21:23:00:336518149 
20182331-21:23:00:341191274 $AAMDA,,I,,B,,C,24.7,C,,,,C,,T,,M,,N,,M*05
20182331-21:23:00:346837681 
20182331-21:23:00:818140858 $AAMTW,24.7,C*12
20182331-21:23:00:820798826 
20182331-21:23:00:823416170 $AAXDR,C,24.7,C,ENV_SEA_T*0F
20182331-21:23:00:826105649 
20182331-21:23:00:828616274 $AAMDA,,I,,B,,C,24.7,C,,,,C,,T,,M,,N,,M*05
20182331-21:23:00:831170389 
20182331-21:23:01:316930180 $AAMTW,24.7,C*12
20182331-21:23:01:322130805 
20182331-21:23:01:326838722 $AAXDR,C,24.7,C,ENV_SEA_T*0F
20182331-21:23:01:331367159 
20182331-21:23:01:336731951 $AAMDA,,I,,B,,C,24.7,C,,,,C,,T,,M,,N,,M*05
20182331-21:23:01:341456795 
20182331-21:23:01:815075597 $AAMTW,24.7,C*12
20182331-21:23:01:820817107 
20182331-21:23:01:826596065 $AAXDR,C,24.7,C,ENV_SEA_T*0F
20182331-21:23:01:832635805 
20182331-21:23:01:835745805 $AAMDA,,I,,B,,C,24.7,C,,,,C,,T,,M,,N,,M*05
20182331-21:23:01:839654659 
20182331-21:23:02:310972263 $AAMTW,24.7,C*12
20182331-21:23:02:313614138 
20182331-21:23:02:316301378 $AAXDR,C,24.7,C,ENV_SEA_T*0F
20182331-21:23:02:318881117 
20182331-21:23:02:321522576 $AAMDA,,I,,B,,C,24.7,C,,,,C,,T,,M,,N,,M*05
20182331-21:23:02:324171378 
20182331-21:23:02:810416951 $AAMTW,24.7,C*12
20182331-21:23:02:815515909 
20182331-21:23:02:820405805 $AAXDR,C,24.7,C,ENV_SEA_T*0F
20182331-21:23:02:825882523 
20182331-21:23:02:831107732 $AAMDA,,I,,B,,C,24.7,C,,,,C,,T,,M,,N,,M*05
20182331-21:23:02:836029711 
20182331-21:23:03:306432732 $AAMTW,24.7,C*12
20182331-21:23:03:309324607 
20182331-21:23:03:312388357 $AAXDR,C,24.7,C,ENV_SEA_T*0F
20182331-21:23:03:315487315 
20182331-21:23:03:318349607 $AAMDA,,I,,B,,C,24.7,C,,,,C,,T,,M,,N,,M*05
20182331-21:23:03:321158409 
20182331-21:23:03:806348252 $AAMTW,24.7,C*12
20182331-21:23:03:811293721 
20182331-21:23:03:816267679 $AAXDR,C,24.7,C,ENV_SEA_T*0F
20182331-21:23:03:820853461 
20182331-21:23:03:825724138 $AAMDA,,I,,B,,C,24.7,C,,,,C,,T,,M,,N,,M*05
20182331-21:23:03:831552471 
20182331-21:23:04:303808096 $AAMTW,24.7,C*12
20182331-21:23:04:308585127 
20182331-21:23:04:313318252 $AAXDR,C,24.7,C,ENV_SEA_T*0F
20182331-21:23:04:318074085 
20182331-21:23:04:322823460 $AAMDA,,I,,B,,C,24.7,C,,,,C,,T,,M,,N,,M*05
20182331-21:23:04:328027262 
20182331-21:23:04:801951689 $AAMTW,24.7,C*12
20182331-21:23:04:808775908 
20182331-21:23:04:814114971 $AAXDR,C,24.7,C,ENV_SEA_T*0F
20182331-21:23:04:818761846 
20182331-21:23:04:823608200 $AAMDA,,I,,B,,C,24.7,C,,,,C,,T,,M,,N,,M*05
20182331-21:23:04:828606846 
20182331-21:23:05:300019606 $AAMTW,24.7,C*12
20182331-21:23:05:305537210 
20182331-21:23:05:311722991 $AAXDR,C,24.7,C,ENV_SEA_T*0F
20182331-21:23:05:317163304 
20182331-21:23:05:323171689 $AAMDA,,I,,B,,C,24.7,C,,,,C,,T,,M,,N,,M*05
20182331-21:23:05:328618981 
20182331-21:23:05:797578356 $AAMTW,24.7,C*12
20182331-21:23:05:802092210 
20182331-21:23:05:806712262 $AAXDR,C,24.7,C,ENV_SEA_T*0F
20182331-21:23:05:811215126 
20182331-21:23:05:816285908 $AAMDA,,I,,B,,C,24.7,C,,,,C,,T,,M,,N,,M*05
20182331-21:23:05:821159085 
20182331-21:23:06:294252001 $AAMTW,24.7,C*12
20182331-21:23:06:298801585 
20182331-21:23:06:303407158 $AAXDR,C,24.7,C,ENV_SEA_T*0F
20182331-21:23:06:308211168 
20182331-21:23:06:313051533 $AAMDA,,I,,B,,C,24.7,C,,,,C,,T,,M,,N,,M*05
20182331-21:23:06:318138147 
20182331-21:23:06:792951116 $AAMTW,24.7,C*12
20182331-21:23:06:797922366 
20182331-21:23:06:802754918 $AAXDR,C,24.7,C,ENV_SEA_T*0F
20182331-21:23:06:811335282 
20182331-21:23:06:816362730 $AAMDA,,I,,B,,C,24.7,C,,,,C,,T,,M,,N,,M*05
20182331-21:23:06:821052470 
20182331-21:23:07:290156793 $AAMTW,24.7,C*12
20182331-21:23:07:296194709 
20182331-21:23:07:302782365 $AAXDR,C,24.7,C,ENV_SEA_T*0F
20182331-21:23:07:307807313 
20182331-21:23:07:312790334 $AAMDA,,I,,B,,C,24.7,C,,,,C,,T,,M,,N,,M*05
20182331-21:23:07:318534709 
20182331-21:23:07:788263667 $AAMTW,24.7,C*12
20182331-21:23:07:792764605 
20182331-21:23:07:796309344 $AAXDR,C,24.7,C,ENV_SEA_T*0F
20182331-21:23:07:799672053 
20182331-21:23:07:802883511 $AAMDA,,I,,B,,C,24.7,C,,,,C,,T,,M,,N,,M*05
20182331-21:23:07:806262730 
20182331-21:23:08:283763407 $AAMTW,24.7,C*12
20182331-21:23:08:286518563 
20182331-21:23:08:289137521 $AAXDR,C,24.7,C,ENV_SEA_T*0F
20182331-21:23:08:291782417 
20182331-21:23:08:294667053 $AAMDA,,I,,B,,C,24.7,C,,,,C,,T,,M,,N,,M*05
20182331-21:23:08:297399344 
20182331-21:23:08:781662417 $AAMTW,24.7,C*12
20182331-21:23:08:784548354 
20182331-21:23:08:791404032 $AAXDR,C,24.7,C,ENV_SEA_T*0F
20182331-21:23:08:796216948 
20182331-21:23:08:801628667 $AAMDA,,I,,B,,C,24.7,C,,,,C,,T,,M,,N,,M*05
20182331-21:23:08:806642521 
20182331-21:23:09:281498979 $AAMTW,24.7,C*12
20182331-21:23:09:287301688 
20182331-21:23:09:292243198 $AAXDR,C,24.7,C,ENV_SEA_T*0F
20182331-21:23:09:297201271 
20182331-21:23:09:301993198 $AAMDA,,I,,B,,C,24.7,C,,,,C,,T,,M,,N,,M*05
20182331-21:23:09:308078563 
20182331-21:23:09:780097312 $AAMTW,24.7,C*12
20182331-21:23:09:785773146 
20182331-21:23:09:791314917 $AAXDR,C,24.7,C,ENV_SEA_T*0F
20182331-21:23:09:796263406 
20182331-21:23:09:802039344 $AAMDA,,I,,B,,C,24.7,C,,,,C,,T,,M,,N,,M*05
20182331-21:23:09:807016115 
20182331-21:23:10:277379239 $AAMTW,24.7,C*12
20182331-21:23:10:281678458 
20182331-21:23:10:284944239 $AAXDR,C,24.7,C,ENV_SEA_T*0F
20182331-21:23:10:287598406 
20182331-21:23:10:290213771 $AAMDA,,I,,B,,C,24.7,C,,,,C,,T,,M,,N,,M*05
20182331-21:23:10:292826427 
20182331-21:23:10:771992885 $AAMTW,24.7,C*12
20182331-21:23:10:774655854 
20182331-21:23:10:777174395 $AAXDR,C,24.7,C,ENV_SEA_T*0F
20182331-21:23:10:779674083 
20182331-21:23:10:782370541 $AAMDA,,I,,B,,C,24.7,C,,,,C,,T,,M,,N,,M*05
20182331-21:23:10:785014552 
20182331-21:23:11:271595489 $AAMTW,24.7,C*12
20182331-21:23:11:276250854 
20182331-21:23:11:280914916 $AAXDR,C,24.7,C,ENV_SEA_T*0F
20182331-21:23:11:285601010 
20182331-21:23:11:290498458 $AAMDA,,I,,B,,C,24.7,C,,,,C,,T,,M,,N,,M*05
20182331-21:23:11:295416583 
20182331-21:23:11:768324655 $AAMTW,24.7,C*12
20182331-21:23:11:771277208 
20182331-21:23:11:774301010 $AAXDR,C,24.7,C,ENV_SEA_T*0F
20182331-21:23:11:776912312 
20182331-21:23:11:779493093 $AAMDA,,I,,B,,C,24.7,C,,,,C,,T,,M,,N,,M*05
20182331-21:23:11:782121166 
20182331-21:23:12:265745384 $AAMTW,24.7,C*12
20182331-21:23:12:268278041 
20182331-21:23:12:270790228 $AAXDR,C,24.7,C,ENV_SEA_T*0F
20182331-21:23:12:273330905 
20182331-21:23:12:275961582 $AAMDA,,I,,B,,C,24.7,C,,,,C,,T,,M,,N,,M*05
20182331-21:23:12:278609186 
20182331-21:23:12:763658718 $AAMTW,24.7,C*12
20182331-21:23:12:766340332 
20182331-21:23:12:768913405 $AAXDR,C,24.7,C,ENV_SEA_T*0F
20182331-21:23:12:771407572 
20182331-21:23:12:774052207 $AAMDA,,I,,B,,C,24.7,C,,,,C,,T,,M,,N,,M*05
20182331-21:23:12:776789655 
20182331-21:23:13:263178769 $AAMTW,24.7,C*12
20182331-21:23:13:267796009 
20182331-21:23:13:273313197 $AAXDR,C,24.7,C,ENV_SEA_T*0F
20182331-21:23:13:278647051 
20182331-21:23:13:283991999 $AAMDA,,I,,B,,C,24.7,C,,,,C,,T,,M,,N,,M*05
20182331-21:23:13:289625853 
